running egg_info
creating ../../../build/follow_traj/follow_traj.egg-info
writing ../../../build/follow_traj/follow_traj.egg-info/PKG-INFO
writing dependency_links to ../../../build/follow_traj/follow_traj.egg-info/dependency_links.txt
writing entry points to ../../../build/follow_traj/follow_traj.egg-info/entry_points.txt
writing requirements to ../../../build/follow_traj/follow_traj.egg-info/requires.txt
writing top-level names to ../../../build/follow_traj/follow_traj.egg-info/top_level.txt
writing manifest file '../../../build/follow_traj/follow_traj.egg-info/SOURCES.txt'
reading manifest file '../../../build/follow_traj/follow_traj.egg-info/SOURCES.txt'
writing manifest file '../../../build/follow_traj/follow_traj.egg-info/SOURCES.txt'
running build
running build_py
creating /home/renth/mpc_ws/build/follow_traj/build
creating /home/renth/mpc_ws/build/follow_traj/build/lib
creating /home/renth/mpc_ws/build/follow_traj/build/lib/follow_traj
copying follow_traj/simulator_node.py -> /home/renth/mpc_ws/build/follow_traj/build/lib/follow_traj
copying follow_traj/mpc_node.py -> /home/renth/mpc_ws/build/follow_traj/build/lib/follow_traj
copying follow_traj/my.py -> /home/renth/mpc_ws/build/follow_traj/build/lib/follow_traj
copying follow_traj/__init__.py -> /home/renth/mpc_ws/build/follow_traj/build/lib/follow_traj
running install
running install_lib
creating /home/renth/mpc_ws/install/follow_traj/lib/python3.10/site-packages/follow_traj
copying /home/renth/mpc_ws/build/follow_traj/build/lib/follow_traj/simulator_node.py -> /home/renth/mpc_ws/install/follow_traj/lib/python3.10/site-packages/follow_traj
copying /home/renth/mpc_ws/build/follow_traj/build/lib/follow_traj/mpc_node.py -> /home/renth/mpc_ws/install/follow_traj/lib/python3.10/site-packages/follow_traj
copying /home/renth/mpc_ws/build/follow_traj/build/lib/follow_traj/my.py -> /home/renth/mpc_ws/install/follow_traj/lib/python3.10/site-packages/follow_traj
copying /home/renth/mpc_ws/build/follow_traj/build/lib/follow_traj/__init__.py -> /home/renth/mpc_ws/install/follow_traj/lib/python3.10/site-packages/follow_traj
byte-compiling /home/renth/mpc_ws/install/follow_traj/lib/python3.10/site-packages/follow_traj/simulator_node.py to simulator_node.cpython-310.pyc
byte-compiling /home/renth/mpc_ws/install/follow_traj/lib/python3.10/site-packages/follow_traj/mpc_node.py to mpc_node.cpython-310.pyc
byte-compiling /home/renth/mpc_ws/install/follow_traj/lib/python3.10/site-packages/follow_traj/my.py to my.cpython-310.pyc
byte-compiling /home/renth/mpc_ws/install/follow_traj/lib/python3.10/site-packages/follow_traj/__init__.py to __init__.cpython-310.pyc
running install_data
creating /home/renth/mpc_ws/install/follow_traj/share/ament_index
creating /home/renth/mpc_ws/install/follow_traj/share/ament_index/resource_index
creating /home/renth/mpc_ws/install/follow_traj/share/ament_index/resource_index/packages
copying resource/follow_traj -> /home/renth/mpc_ws/install/follow_traj/share/ament_index/resource_index/packages
copying package.xml -> /home/renth/mpc_ws/install/follow_traj/share/follow_traj
running install_egg_info
Copying ../../../build/follow_traj/follow_traj.egg-info to /home/renth/mpc_ws/install/follow_traj/lib/python3.10/site-packages/follow_traj-0.0.0-py3.10.egg-info
running install_scripts
Installing mpc_node script to /home/renth/mpc_ws/install/follow_traj/bin
Installing simulator_node script to /home/renth/mpc_ws/install/follow_traj/bin
writing list of installed files to '/home/renth/mpc_ws/build/follow_traj/install.log'
