running egg_info
writing build/follow_traj_wd/follow_traj_wd.egg-info/PKG-INFO
writing dependency_links to build/follow_traj_wd/follow_traj_wd.egg-info/dependency_links.txt
writing entry points to build/follow_traj_wd/follow_traj_wd.egg-info/entry_points.txt
writing requirements to build/follow_traj_wd/follow_traj_wd.egg-info/requires.txt
writing top-level names to build/follow_traj_wd/follow_traj_wd.egg-info/top_level.txt
reading manifest file 'build/follow_traj_wd/follow_traj_wd.egg-info/SOURCES.txt'
writing manifest file 'build/follow_traj_wd/follow_traj_wd.egg-info/SOURCES.txt'
running build
running build_py
copying follow_traj_wd/visualization_node.py -> /home/renth/hezi_ros2/src/demo1/follow_traj_wd/build/follow_traj_wd/build/lib/follow_traj_wd
copying follow_traj_wd/mpc_node_v2.py -> /home/renth/hezi_ros2/src/demo1/follow_traj_wd/build/follow_traj_wd/build/lib/follow_traj_wd
running install
running install_lib
copying /home/renth/hezi_ros2/src/demo1/follow_traj_wd/build/follow_traj_wd/build/lib/follow_traj_wd/visualization_node.py -> /home/renth/hezi_ros2/src/demo1/follow_traj_wd/install/follow_traj_wd/lib/python3.10/site-packages/follow_traj_wd
copying /home/renth/hezi_ros2/src/demo1/follow_traj_wd/build/follow_traj_wd/build/lib/follow_traj_wd/mpc_node_v2.py -> /home/renth/hezi_ros2/src/demo1/follow_traj_wd/install/follow_traj_wd/lib/python3.10/site-packages/follow_traj_wd
byte-compiling /home/renth/hezi_ros2/src/demo1/follow_traj_wd/install/follow_traj_wd/lib/python3.10/site-packages/follow_traj_wd/visualization_node.py to visualization_node.cpython-310.pyc
byte-compiling /home/renth/hezi_ros2/src/demo1/follow_traj_wd/install/follow_traj_wd/lib/python3.10/site-packages/follow_traj_wd/mpc_node_v2.py to mpc_node_v2.cpython-310.pyc
running install_data
running install_egg_info
removing '/home/renth/hezi_ros2/src/demo1/follow_traj_wd/install/follow_traj_wd/lib/python3.10/site-packages/follow_traj_wd-0.0.0-py3.10.egg-info' (and everything under it)
Copying build/follow_traj_wd/follow_traj_wd.egg-info to /home/renth/hezi_ros2/src/demo1/follow_traj_wd/install/follow_traj_wd/lib/python3.10/site-packages/follow_traj_wd-0.0.0-py3.10.egg-info
running install_scripts
Installing adjust_trajectory script to /home/renth/hezi_ros2/src/demo1/follow_traj_wd/install/follow_traj_wd/lib/follow_traj_wd
Installing can_node script to /home/renth/hezi_ros2/src/demo1/follow_traj_wd/install/follow_traj_wd/lib/follow_traj_wd
Installing follow_node script to /home/renth/hezi_ros2/src/demo1/follow_traj_wd/install/follow_traj_wd/lib/follow_traj_wd
Installing hybrid_follow_node script to /home/renth/hezi_ros2/src/demo1/follow_traj_wd/install/follow_traj_wd/lib/follow_traj_wd
Installing mpc_follow_node script to /home/renth/hezi_ros2/src/demo1/follow_traj_wd/install/follow_traj_wd/lib/follow_traj_wd
Installing publish_trajectory script to /home/renth/hezi_ros2/src/demo1/follow_traj_wd/install/follow_traj_wd/lib/follow_traj_wd
Installing visualization_node script to /home/renth/hezi_ros2/src/demo1/follow_traj_wd/install/follow_traj_wd/lib/follow_traj_wd
writing list of installed files to '/home/renth/hezi_ros2/src/demo1/follow_traj_wd/build/follow_traj_wd/install.log'
