[0.329s] Invoking command in '/home/renth/mpc_ws/src/demo1/follow_traj_re': CONDA_PROMPT_MODIFIER=(demo1) PYTHONPATH=/home/renth/mpc_ws/build/follow_traj_re/prefix_override:/home/renth/anaconda3/envs/demo1/lib/python3.10/site-packages/colcon_core/task/python/colcon_distutils_commands:/home/renth/mpc_ws/install/follow_traj_re/lib/python3.10/site-packages:${PYTHONPATH} /home/renth/anaconda3/envs/demo1/bin/python -W ignore:setup.py install is deprecated -W ignore:easy_install command is deprecated setup.py egg_info --egg-base ../../../build/follow_traj_re build --build-base /home/renth/mpc_ws/build/follow_traj_re/build install --record /home/renth/mpc_ws/build/follow_traj_re/install.log --single-version-externally-managed install_data
[0.434s] running egg_info
[0.434s] creating ../../../build/follow_traj_re/follow_traj_re.egg-info
[0.434s] writing ../../../build/follow_traj_re/follow_traj_re.egg-info/PKG-INFO
[0.434s] writing dependency_links to ../../../build/follow_traj_re/follow_traj_re.egg-info/dependency_links.txt
[0.434s] writing entry points to ../../../build/follow_traj_re/follow_traj_re.egg-info/entry_points.txt
[0.435s] writing requirements to ../../../build/follow_traj_re/follow_traj_re.egg-info/requires.txt
[0.435s] writing top-level names to ../../../build/follow_traj_re/follow_traj_re.egg-info/top_level.txt
[0.435s] writing manifest file '../../../build/follow_traj_re/follow_traj_re.egg-info/SOURCES.txt'
[0.435s] package init file 'follow_traj_re/__init__.py' not found (or not a regular file)
[0.435s] reading manifest file '../../../build/follow_traj_re/follow_traj_re.egg-info/SOURCES.txt'
[0.435s] writing manifest file '../../../build/follow_traj_re/follow_traj_re.egg-info/SOURCES.txt'
[0.435s] running build
[0.435s] running build_py
[0.436s] creating /home/renth/mpc_ws/build/follow_traj_re/build
[0.436s] creating /home/renth/mpc_ws/build/follow_traj_re/build/lib
[0.436s] creating /home/renth/mpc_ws/build/follow_traj_re/build/lib/follow_traj_re
[0.436s] copying follow_traj_re/read_csv.py -> /home/renth/mpc_ws/build/follow_traj_re/build/lib/follow_traj_re
[0.436s] copying follow_traj_re/mpc_follower.py -> /home/renth/mpc_ws/build/follow_traj_re/build/lib/follow_traj_re
[0.436s] copying follow_traj_re/can_use.py -> /home/renth/mpc_ws/build/follow_traj_re/build/lib/follow_traj_re
[0.436s] copying follow_traj_re/send_msg copy.py -> /home/renth/mpc_ws/build/follow_traj_re/build/lib/follow_traj_re
[0.436s] copying follow_traj_re/mpc_node.py -> /home/renth/mpc_ws/build/follow_traj_re/build/lib/follow_traj_re
[0.436s] copying follow_traj_re/follow_demo_mpc_bank.py -> /home/renth/mpc_ws/build/follow_traj_re/build/lib/follow_traj_re
[0.436s] copying follow_traj_re/send_msg.py -> /home/renth/mpc_ws/build/follow_traj_re/build/lib/follow_traj_re
[0.436s] copying follow_traj_re/can_node.py -> /home/renth/mpc_ws/build/follow_traj_re/build/lib/follow_traj_re
[0.436s] running install
[0.436s] running install_lib
[0.436s] creating /home/renth/mpc_ws/install/follow_traj_re/lib/python3.10/site-packages/follow_traj_re
[0.436s] copying /home/renth/mpc_ws/build/follow_traj_re/build/lib/follow_traj_re/read_csv.py -> /home/renth/mpc_ws/install/follow_traj_re/lib/python3.10/site-packages/follow_traj_re
[0.436s] copying /home/renth/mpc_ws/build/follow_traj_re/build/lib/follow_traj_re/mpc_follower.py -> /home/renth/mpc_ws/install/follow_traj_re/lib/python3.10/site-packages/follow_traj_re
[0.436s] copying /home/renth/mpc_ws/build/follow_traj_re/build/lib/follow_traj_re/can_use.py -> /home/renth/mpc_ws/install/follow_traj_re/lib/python3.10/site-packages/follow_traj_re
[0.437s] copying /home/renth/mpc_ws/build/follow_traj_re/build/lib/follow_traj_re/send_msg copy.py -> /home/renth/mpc_ws/install/follow_traj_re/lib/python3.10/site-packages/follow_traj_re
[0.437s] copying /home/renth/mpc_ws/build/follow_traj_re/build/lib/follow_traj_re/mpc_node.py -> /home/renth/mpc_ws/install/follow_traj_re/lib/python3.10/site-packages/follow_traj_re
[0.437s] copying /home/renth/mpc_ws/build/follow_traj_re/build/lib/follow_traj_re/follow_demo_mpc_bank.py -> /home/renth/mpc_ws/install/follow_traj_re/lib/python3.10/site-packages/follow_traj_re
[0.437s] copying /home/renth/mpc_ws/build/follow_traj_re/build/lib/follow_traj_re/send_msg.py -> /home/renth/mpc_ws/install/follow_traj_re/lib/python3.10/site-packages/follow_traj_re
[0.437s] copying /home/renth/mpc_ws/build/follow_traj_re/build/lib/follow_traj_re/can_node.py -> /home/renth/mpc_ws/install/follow_traj_re/lib/python3.10/site-packages/follow_traj_re
[0.437s] byte-compiling /home/renth/mpc_ws/install/follow_traj_re/lib/python3.10/site-packages/follow_traj_re/read_csv.py to read_csv.cpython-310.pyc
[0.437s] byte-compiling /home/renth/mpc_ws/install/follow_traj_re/lib/python3.10/site-packages/follow_traj_re/mpc_follower.py to mpc_follower.cpython-310.pyc
[0.440s] byte-compiling /home/renth/mpc_ws/install/follow_traj_re/lib/python3.10/site-packages/follow_traj_re/can_use.py to can_use.cpython-310.pyc
[0.441s] byte-compiling /home/renth/mpc_ws/install/follow_traj_re/lib/python3.10/site-packages/follow_traj_re/send_msg copy.py to send_msg copy.cpython-310.pyc
[0.441s] byte-compiling /home/renth/mpc_ws/install/follow_traj_re/lib/python3.10/site-packages/follow_traj_re/mpc_node.py to mpc_node.cpython-310.pyc
[0.441s] byte-compiling /home/renth/mpc_ws/install/follow_traj_re/lib/python3.10/site-packages/follow_traj_re/follow_demo_mpc_bank.py to follow_demo_mpc_bank.cpython-310.pyc
[0.443s] byte-compiling /home/renth/mpc_ws/install/follow_traj_re/lib/python3.10/site-packages/follow_traj_re/send_msg.py to send_msg.cpython-310.pyc
[0.443s] byte-compiling /home/renth/mpc_ws/install/follow_traj_re/lib/python3.10/site-packages/follow_traj_re/can_node.py to can_node.cpython-310.pyc
[0.444s] running install_data
[0.444s] creating /home/renth/mpc_ws/install/follow_traj_re/share/ament_index
[0.444s] creating /home/renth/mpc_ws/install/follow_traj_re/share/ament_index/resource_index
[0.444s] creating /home/renth/mpc_ws/install/follow_traj_re/share/ament_index/resource_index/packages
[0.444s] copying resource/follow_traj_re -> /home/renth/mpc_ws/install/follow_traj_re/share/ament_index/resource_index/packages
[0.444s] copying package.xml -> /home/renth/mpc_ws/install/follow_traj_re/share/follow_traj_re
[0.444s] running install_egg_info
[0.444s] Copying ../../../build/follow_traj_re/follow_traj_re.egg-info to /home/renth/mpc_ws/install/follow_traj_re/lib/python3.10/site-packages/follow_traj_re-0.0.0-py3.10.egg-info
[0.445s] running install_scripts
[0.454s] Installing can_node script to /home/renth/mpc_ws/install/follow_traj_re/lib/follow_traj_re
[0.454s] Installing follow_node script to /home/renth/mpc_ws/install/follow_traj_re/lib/follow_traj_re
[0.454s] writing list of installed files to '/home/renth/mpc_ws/build/follow_traj_re/install.log'
[0.466s] Invoked command in '/home/renth/mpc_ws/src/demo1/follow_traj_re' returned '0': CONDA_PROMPT_MODIFIER=(demo1) PYTHONPATH=/home/renth/mpc_ws/build/follow_traj_re/prefix_override:/home/renth/anaconda3/envs/demo1/lib/python3.10/site-packages/colcon_core/task/python/colcon_distutils_commands:/home/renth/mpc_ws/install/follow_traj_re/lib/python3.10/site-packages:${PYTHONPATH} /home/renth/anaconda3/envs/demo1/bin/python -W ignore:setup.py install is deprecated -W ignore:easy_install command is deprecated setup.py egg_info --egg-base ../../../build/follow_traj_re build --build-base /home/renth/mpc_ws/build/follow_traj_re/build install --record /home/renth/mpc_ws/build/follow_traj_re/install.log --single-version-externally-managed install_data
