[0.093s] DEBUG:colcon:Command line arguments: ['/usr/bin/colcon', 'list', '-p', '--base-paths', '/home/renth/mpc_ws']
[0.093s] DEBUG:colcon:Parsed command line arguments: Namespace(log_base=None, log_level=None, verb_name='list', build_base='build', ignore_user_meta=False, metas=['./colcon.meta'], base_paths=['/home/renth/mpc_ws'], packages_ignore=None, packages_ignore_regex=None, paths=None, packages_up_to=None, packages_up_to_regex=None, packages_above=None, packages_above_and_dependencies=None, packages_above_depth=None, packages_select_by_dep=None, packages_skip_by_dep=None, packages_skip_up_to=None, packages_select_build_failed=False, packages_skip_build_finished=False, packages_select_test_failures=False, packages_skip_test_passed=False, packages_select=None, packages_skip=None, packages_select_regex=None, packages_skip_regex=None, packages_start=None, packages_end=None, allow_overriding=[], topological_order=False, names_only=False, paths_only=True, topological_graph=False, topological_graph_dot=False, topological_graph_density=False, topological_graph_legend=False, topological_graph_dot_cluster=False, topological_graph_dot_include_skipped=False, mixin_files=None, mixin=None, verb_parser=<colcon_mixin.mixin.mixin_argument.MixinArgumentDecorator object at 0x73c4de917310>, verb_extension=<colcon_package_information.verb.list.ListVerb object at 0x73c4de917940>, main=<bound method ListVerb.main of <colcon_package_information.verb.list.ListVerb object at 0x73c4de917940>>, mixin_verb=('list',))
[0.224s] Level 1:colcon.colcon_core.package_discovery:discover_packages(colcon_meta) check parameters
[0.224s] Level 1:colcon.colcon_core.package_discovery:discover_packages(recursive) check parameters
[0.224s] Level 1:colcon.colcon_core.package_discovery:discover_packages(ignore) check parameters
[0.224s] Level 1:colcon.colcon_core.package_discovery:discover_packages(path) check parameters
[0.224s] Level 1:colcon.colcon_core.package_discovery:discover_packages(recursive) discover
[0.224s] INFO:colcon.colcon_core.package_discovery:Crawling recursively for packages in '/home/renth/mpc_ws'
[0.224s] Level 1:colcon.colcon_core.package_identification:_identify(/home/renth/mpc_ws) by extensions ['ignore', 'ignore_ament_install']
[0.224s] Level 1:colcon.colcon_core.package_identification:_identify(/home/renth/mpc_ws) by extension 'ignore'
[0.224s] Level 1:colcon.colcon_core.package_identification:_identify(/home/renth/mpc_ws) by extension 'ignore_ament_install'
[0.224s] Level 1:colcon.colcon_core.package_identification:_identify(/home/renth/mpc_ws) by extensions ['colcon_pkg']
[0.224s] Level 1:colcon.colcon_core.package_identification:_identify(/home/renth/mpc_ws) by extension 'colcon_pkg'
[0.224s] Level 1:colcon.colcon_core.package_identification:_identify(/home/renth/mpc_ws) by extensions ['colcon_meta']
[0.224s] Level 1:colcon.colcon_core.package_identification:_identify(/home/renth/mpc_ws) by extension 'colcon_meta'
[0.224s] Level 1:colcon.colcon_core.package_identification:_identify(/home/renth/mpc_ws) by extensions ['ros']
[0.224s] Level 1:colcon.colcon_core.package_identification:_identify(/home/renth/mpc_ws) by extension 'ros'
[0.230s] Level 1:colcon.colcon_core.package_identification:_identify(/home/renth/mpc_ws) by extensions ['cmake', 'python']
[0.230s] Level 1:colcon.colcon_core.package_identification:_identify(/home/renth/mpc_ws) by extension 'cmake'
[0.230s] Level 1:colcon.colcon_core.package_identification:_identify(/home/renth/mpc_ws) by extension 'python'
[0.230s] Level 1:colcon.colcon_core.package_identification:_identify(/home/renth/mpc_ws) by extensions ['python_setup_py']
[0.230s] Level 1:colcon.colcon_core.package_identification:_identify(/home/renth/mpc_ws) by extension 'python_setup_py'
[0.230s] Level 1:colcon.colcon_core.package_identification:_identify(/home/renth/mpc_ws/build) by extensions ['ignore', 'ignore_ament_install']
[0.230s] Level 1:colcon.colcon_core.package_identification:_identify(/home/renth/mpc_ws/build) by extension 'ignore'
[0.230s] Level 1:colcon.colcon_core.package_identification:_identify(/home/renth/mpc_ws/build) ignored
[0.230s] Level 1:colcon.colcon_core.package_identification:_identify(/home/renth/mpc_ws/install) by extensions ['ignore', 'ignore_ament_install']
[0.231s] Level 1:colcon.colcon_core.package_identification:_identify(/home/renth/mpc_ws/install) by extension 'ignore'
[0.231s] Level 1:colcon.colcon_core.package_identification:_identify(/home/renth/mpc_ws/install) ignored
[0.231s] Level 1:colcon.colcon_core.package_identification:_identify(/home/renth/mpc_ws/log) by extensions ['ignore', 'ignore_ament_install']
[0.231s] Level 1:colcon.colcon_core.package_identification:_identify(/home/renth/mpc_ws/log) by extension 'ignore'
[0.231s] Level 1:colcon.colcon_core.package_identification:_identify(/home/renth/mpc_ws/log) ignored
[0.231s] Level 1:colcon.colcon_core.package_identification:_identify(/home/renth/mpc_ws/src) by extensions ['ignore', 'ignore_ament_install']
[0.231s] Level 1:colcon.colcon_core.package_identification:_identify(/home/renth/mpc_ws/src) by extension 'ignore'
[0.231s] Level 1:colcon.colcon_core.package_identification:_identify(/home/renth/mpc_ws/src) by extension 'ignore_ament_install'
[0.231s] Level 1:colcon.colcon_core.package_identification:_identify(/home/renth/mpc_ws/src) by extensions ['colcon_pkg']
[0.231s] Level 1:colcon.colcon_core.package_identification:_identify(/home/renth/mpc_ws/src) by extension 'colcon_pkg'
[0.231s] Level 1:colcon.colcon_core.package_identification:_identify(/home/renth/mpc_ws/src) by extensions ['colcon_meta']
[0.231s] Level 1:colcon.colcon_core.package_identification:_identify(/home/renth/mpc_ws/src) by extension 'colcon_meta'
[0.231s] Level 1:colcon.colcon_core.package_identification:_identify(/home/renth/mpc_ws/src) by extensions ['ros']
[0.231s] Level 1:colcon.colcon_core.package_identification:_identify(/home/renth/mpc_ws/src) by extension 'ros'
[0.231s] Level 1:colcon.colcon_core.package_identification:_identify(/home/renth/mpc_ws/src) by extensions ['cmake', 'python']
[0.231s] Level 1:colcon.colcon_core.package_identification:_identify(/home/renth/mpc_ws/src) by extension 'cmake'
[0.231s] Level 1:colcon.colcon_core.package_identification:_identify(/home/renth/mpc_ws/src) by extension 'python'
[0.231s] Level 1:colcon.colcon_core.package_identification:_identify(/home/renth/mpc_ws/src) by extensions ['python_setup_py']
[0.231s] Level 1:colcon.colcon_core.package_identification:_identify(/home/renth/mpc_ws/src) by extension 'python_setup_py'
[0.231s] Level 1:colcon.colcon_core.package_identification:_identify(/home/renth/mpc_ws/src/demo1) by extensions ['ignore', 'ignore_ament_install']
[0.231s] Level 1:colcon.colcon_core.package_identification:_identify(/home/renth/mpc_ws/src/demo1) by extension 'ignore'
[0.231s] Level 1:colcon.colcon_core.package_identification:_identify(/home/renth/mpc_ws/src/demo1) by extension 'ignore_ament_install'
[0.231s] Level 1:colcon.colcon_core.package_identification:_identify(/home/renth/mpc_ws/src/demo1) by extensions ['colcon_pkg']
[0.231s] Level 1:colcon.colcon_core.package_identification:_identify(/home/renth/mpc_ws/src/demo1) by extension 'colcon_pkg'
[0.231s] Level 1:colcon.colcon_core.package_identification:_identify(/home/renth/mpc_ws/src/demo1) by extensions ['colcon_meta']
[0.231s] Level 1:colcon.colcon_core.package_identification:_identify(/home/renth/mpc_ws/src/demo1) by extension 'colcon_meta'
[0.231s] Level 1:colcon.colcon_core.package_identification:_identify(/home/renth/mpc_ws/src/demo1) by extensions ['ros']
[0.231s] Level 1:colcon.colcon_core.package_identification:_identify(/home/renth/mpc_ws/src/demo1) by extension 'ros'
[0.231s] Level 1:colcon.colcon_core.package_identification:_identify(/home/renth/mpc_ws/src/demo1) by extensions ['cmake', 'python']
[0.231s] Level 1:colcon.colcon_core.package_identification:_identify(/home/renth/mpc_ws/src/demo1) by extension 'cmake'
[0.231s] Level 1:colcon.colcon_core.package_identification:_identify(/home/renth/mpc_ws/src/demo1) by extension 'python'
[0.231s] Level 1:colcon.colcon_core.package_identification:_identify(/home/renth/mpc_ws/src/demo1) by extensions ['python_setup_py']
[0.231s] Level 1:colcon.colcon_core.package_identification:_identify(/home/renth/mpc_ws/src/demo1) by extension 'python_setup_py'
[0.231s] Level 1:colcon.colcon_core.package_identification:_identify(/home/renth/mpc_ws/src/demo1/follow_traj) by extensions ['ignore', 'ignore_ament_install']
[0.231s] Level 1:colcon.colcon_core.package_identification:_identify(/home/renth/mpc_ws/src/demo1/follow_traj) by extension 'ignore'
[0.231s] Level 1:colcon.colcon_core.package_identification:_identify(/home/renth/mpc_ws/src/demo1/follow_traj) by extension 'ignore_ament_install'
[0.231s] Level 1:colcon.colcon_core.package_identification:_identify(/home/renth/mpc_ws/src/demo1/follow_traj) by extensions ['colcon_pkg']
[0.231s] Level 1:colcon.colcon_core.package_identification:_identify(/home/renth/mpc_ws/src/demo1/follow_traj) by extension 'colcon_pkg'
[0.231s] Level 1:colcon.colcon_core.package_identification:_identify(/home/renth/mpc_ws/src/demo1/follow_traj) by extensions ['colcon_meta']
[0.231s] Level 1:colcon.colcon_core.package_identification:_identify(/home/renth/mpc_ws/src/demo1/follow_traj) by extension 'colcon_meta'
[0.231s] Level 1:colcon.colcon_core.package_identification:_identify(/home/renth/mpc_ws/src/demo1/follow_traj) by extensions ['ros']
[0.231s] Level 1:colcon.colcon_core.package_identification:_identify(/home/renth/mpc_ws/src/demo1/follow_traj) by extension 'ros'
[0.237s] DEBUG:colcon.colcon_core.package_identification:Package '/home/renth/mpc_ws/src/demo1/follow_traj' with type 'ros.ament_python' and name 'follow_traj'
[0.238s] Level 1:colcon.colcon_core.package_identification:_identify(/home/renth/mpc_ws/src/demo1/follow_traj_re) by extensions ['ignore', 'ignore_ament_install']
[0.238s] Level 1:colcon.colcon_core.package_identification:_identify(/home/renth/mpc_ws/src/demo1/follow_traj_re) by extension 'ignore'
[0.238s] Level 1:colcon.colcon_core.package_identification:_identify(/home/renth/mpc_ws/src/demo1/follow_traj_re) by extension 'ignore_ament_install'
[0.238s] Level 1:colcon.colcon_core.package_identification:_identify(/home/renth/mpc_ws/src/demo1/follow_traj_re) by extensions ['colcon_pkg']
[0.238s] Level 1:colcon.colcon_core.package_identification:_identify(/home/renth/mpc_ws/src/demo1/follow_traj_re) by extension 'colcon_pkg'
[0.238s] Level 1:colcon.colcon_core.package_identification:_identify(/home/renth/mpc_ws/src/demo1/follow_traj_re) by extensions ['colcon_meta']
[0.238s] Level 1:colcon.colcon_core.package_identification:_identify(/home/renth/mpc_ws/src/demo1/follow_traj_re) by extension 'colcon_meta'
[0.238s] Level 1:colcon.colcon_core.package_identification:_identify(/home/renth/mpc_ws/src/demo1/follow_traj_re) by extensions ['ros']
[0.238s] Level 1:colcon.colcon_core.package_identification:_identify(/home/renth/mpc_ws/src/demo1/follow_traj_re) by extension 'ros'
[0.238s] Level 1:colcon.colcon_core.package_identification:_identify(/home/renth/mpc_ws/src/demo1/follow_traj_re) by extensions ['cmake', 'python']
[0.238s] Level 1:colcon.colcon_core.package_identification:_identify(/home/renth/mpc_ws/src/demo1/follow_traj_re) by extension 'cmake'
[0.238s] Level 1:colcon.colcon_core.package_identification:_identify(/home/renth/mpc_ws/src/demo1/follow_traj_re) by extension 'python'
[0.238s] Level 1:colcon.colcon_core.package_identification:_identify(/home/renth/mpc_ws/src/demo1/follow_traj_re) by extensions ['python_setup_py']
[0.238s] Level 1:colcon.colcon_core.package_identification:_identify(/home/renth/mpc_ws/src/demo1/follow_traj_re) by extension 'python_setup_py'
[0.238s] Level 1:colcon.colcon_core.package_identification:_identify(/home/renth/mpc_ws/src/demo1/follow_traj_re/follow_traj_re) by extensions ['ignore', 'ignore_ament_install']
[0.238s] Level 1:colcon.colcon_core.package_identification:_identify(/home/renth/mpc_ws/src/demo1/follow_traj_re/follow_traj_re) by extension 'ignore'
[0.238s] Level 1:colcon.colcon_core.package_identification:_identify(/home/renth/mpc_ws/src/demo1/follow_traj_re/follow_traj_re) by extension 'ignore_ament_install'
[0.238s] Level 1:colcon.colcon_core.package_identification:_identify(/home/renth/mpc_ws/src/demo1/follow_traj_re/follow_traj_re) by extensions ['colcon_pkg']
[0.238s] Level 1:colcon.colcon_core.package_identification:_identify(/home/renth/mpc_ws/src/demo1/follow_traj_re/follow_traj_re) by extension 'colcon_pkg'
[0.238s] Level 1:colcon.colcon_core.package_identification:_identify(/home/renth/mpc_ws/src/demo1/follow_traj_re/follow_traj_re) by extensions ['colcon_meta']
[0.238s] Level 1:colcon.colcon_core.package_identification:_identify(/home/renth/mpc_ws/src/demo1/follow_traj_re/follow_traj_re) by extension 'colcon_meta'
[0.238s] Level 1:colcon.colcon_core.package_identification:_identify(/home/renth/mpc_ws/src/demo1/follow_traj_re/follow_traj_re) by extensions ['ros']
[0.238s] Level 1:colcon.colcon_core.package_identification:_identify(/home/renth/mpc_ws/src/demo1/follow_traj_re/follow_traj_re) by extension 'ros'
[0.238s] Level 1:colcon.colcon_core.package_identification:_identify(/home/renth/mpc_ws/src/demo1/follow_traj_re/follow_traj_re) by extensions ['cmake', 'python']
[0.238s] Level 1:colcon.colcon_core.package_identification:_identify(/home/renth/mpc_ws/src/demo1/follow_traj_re/follow_traj_re) by extension 'cmake'
[0.238s] Level 1:colcon.colcon_core.package_identification:_identify(/home/renth/mpc_ws/src/demo1/follow_traj_re/follow_traj_re) by extension 'python'
[0.238s] Level 1:colcon.colcon_core.package_identification:_identify(/home/renth/mpc_ws/src/demo1/follow_traj_re/follow_traj_re) by extensions ['python_setup_py']
[0.238s] Level 1:colcon.colcon_core.package_identification:_identify(/home/renth/mpc_ws/src/demo1/follow_traj_re/follow_traj_re) by extension 'python_setup_py'
[0.238s] Level 1:colcon.colcon_core.package_identification:_identify(/home/renth/mpc_ws/src/demo1/follow_traj_re/resource) by extensions ['ignore', 'ignore_ament_install']
[0.238s] Level 1:colcon.colcon_core.package_identification:_identify(/home/renth/mpc_ws/src/demo1/follow_traj_re/resource) by extension 'ignore'
[0.238s] Level 1:colcon.colcon_core.package_identification:_identify(/home/renth/mpc_ws/src/demo1/follow_traj_re/resource) by extension 'ignore_ament_install'
[0.238s] Level 1:colcon.colcon_core.package_identification:_identify(/home/renth/mpc_ws/src/demo1/follow_traj_re/resource) by extensions ['colcon_pkg']
[0.238s] Level 1:colcon.colcon_core.package_identification:_identify(/home/renth/mpc_ws/src/demo1/follow_traj_re/resource) by extension 'colcon_pkg'
[0.238s] Level 1:colcon.colcon_core.package_identification:_identify(/home/renth/mpc_ws/src/demo1/follow_traj_re/resource) by extensions ['colcon_meta']
[0.238s] Level 1:colcon.colcon_core.package_identification:_identify(/home/renth/mpc_ws/src/demo1/follow_traj_re/resource) by extension 'colcon_meta'
[0.238s] Level 1:colcon.colcon_core.package_identification:_identify(/home/renth/mpc_ws/src/demo1/follow_traj_re/resource) by extensions ['ros']
[0.238s] Level 1:colcon.colcon_core.package_identification:_identify(/home/renth/mpc_ws/src/demo1/follow_traj_re/resource) by extension 'ros'
[0.238s] Level 1:colcon.colcon_core.package_identification:_identify(/home/renth/mpc_ws/src/demo1/follow_traj_re/resource) by extensions ['cmake', 'python']
[0.238s] Level 1:colcon.colcon_core.package_identification:_identify(/home/renth/mpc_ws/src/demo1/follow_traj_re/resource) by extension 'cmake'
[0.238s] Level 1:colcon.colcon_core.package_identification:_identify(/home/renth/mpc_ws/src/demo1/follow_traj_re/resource) by extension 'python'
[0.238s] Level 1:colcon.colcon_core.package_identification:_identify(/home/renth/mpc_ws/src/demo1/follow_traj_re/resource) by extensions ['python_setup_py']
[0.238s] Level 1:colcon.colcon_core.package_identification:_identify(/home/renth/mpc_ws/src/demo1/follow_traj_re/resource) by extension 'python_setup_py'
[0.238s] Level 1:colcon.colcon_core.package_identification:_identify(/home/renth/mpc_ws/src/demo1/interface) by extensions ['ignore', 'ignore_ament_install']
[0.238s] Level 1:colcon.colcon_core.package_identification:_identify(/home/renth/mpc_ws/src/demo1/interface) by extension 'ignore'
[0.238s] Level 1:colcon.colcon_core.package_identification:_identify(/home/renth/mpc_ws/src/demo1/interface) by extension 'ignore_ament_install'
[0.238s] Level 1:colcon.colcon_core.package_identification:_identify(/home/renth/mpc_ws/src/demo1/interface) by extensions ['colcon_pkg']
[0.239s] Level 1:colcon.colcon_core.package_identification:_identify(/home/renth/mpc_ws/src/demo1/interface) by extension 'colcon_pkg'
[0.239s] Level 1:colcon.colcon_core.package_identification:_identify(/home/renth/mpc_ws/src/demo1/interface) by extensions ['colcon_meta']
[0.239s] Level 1:colcon.colcon_core.package_identification:_identify(/home/renth/mpc_ws/src/demo1/interface) by extension 'colcon_meta'
[0.239s] Level 1:colcon.colcon_core.package_identification:_identify(/home/renth/mpc_ws/src/demo1/interface) by extensions ['ros']
[0.239s] Level 1:colcon.colcon_core.package_identification:_identify(/home/renth/mpc_ws/src/demo1/interface) by extension 'ros'
[0.239s] Level 1:colcon.colcon_core.package_identification:_identify(/home/renth/mpc_ws/src/demo1/interface) by extensions ['cmake', 'python']
[0.239s] Level 1:colcon.colcon_core.package_identification:_identify(/home/renth/mpc_ws/src/demo1/interface) by extension 'cmake'
[0.239s] Level 1:colcon.colcon_core.package_identification:_identify(/home/renth/mpc_ws/src/demo1/interface) by extension 'python'
[0.239s] Level 1:colcon.colcon_core.package_identification:_identify(/home/renth/mpc_ws/src/demo1/interface) by extensions ['python_setup_py']
[0.239s] Level 1:colcon.colcon_core.package_identification:_identify(/home/renth/mpc_ws/src/demo1/interface) by extension 'python_setup_py'
[0.239s] Level 1:colcon.colcon_core.package_identification:_identify(/home/renth/mpc_ws/src/demo1/interface/action) by extensions ['ignore', 'ignore_ament_install']
[0.239s] Level 1:colcon.colcon_core.package_identification:_identify(/home/renth/mpc_ws/src/demo1/interface/action) by extension 'ignore'
[0.239s] Level 1:colcon.colcon_core.package_identification:_identify(/home/renth/mpc_ws/src/demo1/interface/action) by extension 'ignore_ament_install'
[0.239s] Level 1:colcon.colcon_core.package_identification:_identify(/home/renth/mpc_ws/src/demo1/interface/action) by extensions ['colcon_pkg']
[0.239s] Level 1:colcon.colcon_core.package_identification:_identify(/home/renth/mpc_ws/src/demo1/interface/action) by extension 'colcon_pkg'
[0.239s] Level 1:colcon.colcon_core.package_identification:_identify(/home/renth/mpc_ws/src/demo1/interface/action) by extensions ['colcon_meta']
[0.239s] Level 1:colcon.colcon_core.package_identification:_identify(/home/renth/mpc_ws/src/demo1/interface/action) by extension 'colcon_meta'
[0.239s] Level 1:colcon.colcon_core.package_identification:_identify(/home/renth/mpc_ws/src/demo1/interface/action) by extensions ['ros']
[0.239s] Level 1:colcon.colcon_core.package_identification:_identify(/home/renth/mpc_ws/src/demo1/interface/action) by extension 'ros'
[0.239s] Level 1:colcon.colcon_core.package_identification:_identify(/home/renth/mpc_ws/src/demo1/interface/action) by extensions ['cmake', 'python']
[0.239s] Level 1:colcon.colcon_core.package_identification:_identify(/home/renth/mpc_ws/src/demo1/interface/action) by extension 'cmake'
[0.239s] Level 1:colcon.colcon_core.package_identification:_identify(/home/renth/mpc_ws/src/demo1/interface/action) by extension 'python'
[0.239s] Level 1:colcon.colcon_core.package_identification:_identify(/home/renth/mpc_ws/src/demo1/interface/action) by extensions ['python_setup_py']
[0.239s] Level 1:colcon.colcon_core.package_identification:_identify(/home/renth/mpc_ws/src/demo1/interface/action) by extension 'python_setup_py'
[0.239s] Level 1:colcon.colcon_core.package_identification:_identify(/home/renth/mpc_ws/src/demo1/interface/msg) by extensions ['ignore', 'ignore_ament_install']
[0.239s] Level 1:colcon.colcon_core.package_identification:_identify(/home/renth/mpc_ws/src/demo1/interface/msg) by extension 'ignore'
[0.239s] Level 1:colcon.colcon_core.package_identification:_identify(/home/renth/mpc_ws/src/demo1/interface/msg) by extension 'ignore_ament_install'
[0.239s] Level 1:colcon.colcon_core.package_identification:_identify(/home/renth/mpc_ws/src/demo1/interface/msg) by extensions ['colcon_pkg']
[0.239s] Level 1:colcon.colcon_core.package_identification:_identify(/home/renth/mpc_ws/src/demo1/interface/msg) by extension 'colcon_pkg'
[0.239s] Level 1:colcon.colcon_core.package_identification:_identify(/home/renth/mpc_ws/src/demo1/interface/msg) by extensions ['colcon_meta']
[0.239s] Level 1:colcon.colcon_core.package_identification:_identify(/home/renth/mpc_ws/src/demo1/interface/msg) by extension 'colcon_meta'
[0.239s] Level 1:colcon.colcon_core.package_identification:_identify(/home/renth/mpc_ws/src/demo1/interface/msg) by extensions ['ros']
[0.239s] Level 1:colcon.colcon_core.package_identification:_identify(/home/renth/mpc_ws/src/demo1/interface/msg) by extension 'ros'
[0.239s] Level 1:colcon.colcon_core.package_identification:_identify(/home/renth/mpc_ws/src/demo1/interface/msg) by extensions ['cmake', 'python']
[0.239s] Level 1:colcon.colcon_core.package_identification:_identify(/home/renth/mpc_ws/src/demo1/interface/msg) by extension 'cmake'
[0.239s] Level 1:colcon.colcon_core.package_identification:_identify(/home/renth/mpc_ws/src/demo1/interface/msg) by extension 'python'
[0.239s] Level 1:colcon.colcon_core.package_identification:_identify(/home/renth/mpc_ws/src/demo1/interface/msg) by extensions ['python_setup_py']
[0.239s] Level 1:colcon.colcon_core.package_identification:_identify(/home/renth/mpc_ws/src/demo1/interface/msg) by extension 'python_setup_py'
[0.239s] Level 1:colcon.colcon_core.package_discovery:discover_packages(recursive) using defaults
