[0.309s] Invoking command in '/home/renth/mpc_ws/src/demo1/follow_traj_wd': CONDA_PROMPT_MODIFIER=(demo1) PYTHONPATH=/home/renth/mpc_ws/build/follow_traj_wd/prefix_override:/home/renth/anaconda3/envs/demo1/lib/python3.10/site-packages/colcon_core/task/python/colcon_distutils_commands:/home/renth/mpc_ws/install/follow_traj_wd/lib/python3.10/site-packages:${PYTHONPATH} /home/renth/anaconda3/envs/demo1/bin/python3.10 -W ignore:setup.py install is deprecated -W ignore:easy_install command is deprecated setup.py egg_info --egg-base ../../../build/follow_traj_wd build --build-base /home/renth/mpc_ws/build/follow_traj_wd/build install --record /home/renth/mpc_ws/build/follow_traj_wd/install.log --single-version-externally-managed install_data
[0.422s] running egg_info
[0.422s] writing ../../../build/follow_traj_wd/follow_traj_wd.egg-info/PKG-INFO
[0.422s] writing dependency_links to ../../../build/follow_traj_wd/follow_traj_wd.egg-info/dependency_links.txt
[0.422s] writing entry points to ../../../build/follow_traj_wd/follow_traj_wd.egg-info/entry_points.txt
[0.422s] writing requirements to ../../../build/follow_traj_wd/follow_traj_wd.egg-info/requires.txt
[0.422s] writing top-level names to ../../../build/follow_traj_wd/follow_traj_wd.egg-info/top_level.txt
[0.423s] reading manifest file '../../../build/follow_traj_wd/follow_traj_wd.egg-info/SOURCES.txt'
[0.423s] writing manifest file '../../../build/follow_traj_wd/follow_traj_wd.egg-info/SOURCES.txt'
[0.423s] running build
[0.424s] running build_py
[0.424s] copying follow_traj_wd/can_use.py -> /home/renth/mpc_ws/build/follow_traj_wd/build/lib/follow_traj_wd
[0.424s] copying follow_traj_wd/can_node.py -> /home/renth/mpc_ws/build/follow_traj_wd/build/lib/follow_traj_wd
[0.424s] running install
[0.424s] running install_lib
[0.424s] copying /home/renth/mpc_ws/build/follow_traj_wd/build/lib/follow_traj_wd/can_use.py -> /home/renth/mpc_ws/install/follow_traj_wd/lib/python3.10/site-packages/follow_traj_wd
[0.425s] copying /home/renth/mpc_ws/build/follow_traj_wd/build/lib/follow_traj_wd/can_node.py -> /home/renth/mpc_ws/install/follow_traj_wd/lib/python3.10/site-packages/follow_traj_wd
[0.425s] byte-compiling /home/renth/mpc_ws/install/follow_traj_wd/lib/python3.10/site-packages/follow_traj_wd/can_use.py to can_use.cpython-310.pyc
[0.426s] byte-compiling /home/renth/mpc_ws/install/follow_traj_wd/lib/python3.10/site-packages/follow_traj_wd/can_node.py to can_node.cpython-310.pyc
[0.426s] running install_data
[0.426s] running install_egg_info
[0.427s] removing '/home/renth/mpc_ws/install/follow_traj_wd/lib/python3.10/site-packages/follow_traj_wd-0.0.0-py3.10.egg-info' (and everything under it)
[0.427s] Copying ../../../build/follow_traj_wd/follow_traj_wd.egg-info to /home/renth/mpc_ws/install/follow_traj_wd/lib/python3.10/site-packages/follow_traj_wd-0.0.0-py3.10.egg-info
[0.428s] running install_scripts
[0.437s] Installing adjust_trajectory script to /home/renth/mpc_ws/install/follow_traj_wd/lib/follow_traj_wd
[0.437s] Installing can_node script to /home/renth/mpc_ws/install/follow_traj_wd/lib/follow_traj_wd
[0.438s] Installing follow_node script to /home/renth/mpc_ws/install/follow_traj_wd/lib/follow_traj_wd
[0.438s] Installing hybrid_follow_node script to /home/renth/mpc_ws/install/follow_traj_wd/lib/follow_traj_wd
[0.438s] Installing mpc_follow_node script to /home/renth/mpc_ws/install/follow_traj_wd/lib/follow_traj_wd
[0.438s] Installing publish_trajectory script to /home/renth/mpc_ws/install/follow_traj_wd/lib/follow_traj_wd
[0.438s] Installing visualization_node script to /home/renth/mpc_ws/install/follow_traj_wd/lib/follow_traj_wd
[0.438s] writing list of installed files to '/home/renth/mpc_ws/build/follow_traj_wd/install.log'
[0.449s] Invoked command in '/home/renth/mpc_ws/src/demo1/follow_traj_wd' returned '0': CONDA_PROMPT_MODIFIER=(demo1) PYTHONPATH=/home/renth/mpc_ws/build/follow_traj_wd/prefix_override:/home/renth/anaconda3/envs/demo1/lib/python3.10/site-packages/colcon_core/task/python/colcon_distutils_commands:/home/renth/mpc_ws/install/follow_traj_wd/lib/python3.10/site-packages:${PYTHONPATH} /home/renth/anaconda3/envs/demo1/bin/python3.10 -W ignore:setup.py install is deprecated -W ignore:easy_install command is deprecated setup.py egg_info --egg-base ../../../build/follow_traj_wd build --build-base /home/renth/mpc_ws/build/follow_traj_wd/build install --record /home/renth/mpc_ws/build/follow_traj_wd/install.log --single-version-externally-managed install_data
