running egg_info
writing ../../../build/follow_traj_re/follow_traj_re.egg-info/PKG-INFO
writing dependency_links to ../../../build/follow_traj_re/follow_traj_re.egg-info/dependency_links.txt
writing entry points to ../../../build/follow_traj_re/follow_traj_re.egg-info/entry_points.txt
writing requirements to ../../../build/follow_traj_re/follow_traj_re.egg-info/requires.txt
writing top-level names to ../../../build/follow_traj_re/follow_traj_re.egg-info/top_level.txt
reading manifest file '../../../build/follow_traj_re/follow_traj_re.egg-info/SOURCES.txt'
writing manifest file '../../../build/follow_traj_re/follow_traj_re.egg-info/SOURCES.txt'
running build
running build_py
copying follow_traj_re/change_node.py -> /home/renth/mpc_ws/build/follow_traj_re/build/lib/follow_traj_re
copying follow_traj_re/mpc_node.py -> /home/renth/mpc_ws/build/follow_traj_re/build/lib/follow_traj_re
copying follow_traj_re/send_msg.py -> /home/renth/mpc_ws/build/follow_traj_re/build/lib/follow_traj_re
copying follow_traj_re/lane_change.py -> /home/renth/mpc_ws/build/follow_traj_re/build/lib/follow_traj_re
running install
running install_lib
copying /home/renth/mpc_ws/build/follow_traj_re/build/lib/follow_traj_re/change_node.py -> /home/renth/mpc_ws/install/follow_traj_re/lib/python3.10/site-packages/follow_traj_re
copying /home/renth/mpc_ws/build/follow_traj_re/build/lib/follow_traj_re/mpc_node.py -> /home/renth/mpc_ws/install/follow_traj_re/lib/python3.10/site-packages/follow_traj_re
copying /home/renth/mpc_ws/build/follow_traj_re/build/lib/follow_traj_re/send_msg.py -> /home/renth/mpc_ws/install/follow_traj_re/lib/python3.10/site-packages/follow_traj_re
copying /home/renth/mpc_ws/build/follow_traj_re/build/lib/follow_traj_re/lane_change.py -> /home/renth/mpc_ws/install/follow_traj_re/lib/python3.10/site-packages/follow_traj_re
byte-compiling /home/renth/mpc_ws/install/follow_traj_re/lib/python3.10/site-packages/follow_traj_re/change_node.py to change_node.cpython-310.pyc
byte-compiling /home/renth/mpc_ws/install/follow_traj_re/lib/python3.10/site-packages/follow_traj_re/mpc_node.py to mpc_node.cpython-310.pyc
byte-compiling /home/renth/mpc_ws/install/follow_traj_re/lib/python3.10/site-packages/follow_traj_re/send_msg.py to send_msg.cpython-310.pyc
byte-compiling /home/renth/mpc_ws/install/follow_traj_re/lib/python3.10/site-packages/follow_traj_re/lane_change.py to lane_change.cpython-310.pyc
running install_data
running install_egg_info
removing '/home/renth/mpc_ws/install/follow_traj_re/lib/python3.10/site-packages/follow_traj_re-0.0.0-py3.10.egg-info' (and everything under it)
Copying ../../../build/follow_traj_re/follow_traj_re.egg-info to /home/renth/mpc_ws/install/follow_traj_re/lib/python3.10/site-packages/follow_traj_re-0.0.0-py3.10.egg-info
running install_scripts
Installing can_node script to /home/renth/mpc_ws/install/follow_traj_re/lib/follow_traj_re
Installing follow_node script to /home/renth/mpc_ws/install/follow_traj_re/lib/follow_traj_re
writing list of installed files to '/home/renth/mpc_ws/build/follow_traj_re/install.log'
