[0.308s] Invoking command in '/home/renth/mpc_ws/src/demo1/follow_traj_re': CONDA_PROMPT_MODIFIER=(demo1) PYTHONPATH=/home/renth/mpc_ws/build/follow_traj_re/prefix_override:/home/renth/anaconda3/envs/demo1/lib/python3.10/site-packages/colcon_core/task/python/colcon_distutils_commands:/home/renth/mpc_ws/install/follow_traj_re/lib/python3.10/site-packages:${PYTHONPATH} /home/renth/anaconda3/envs/demo1/bin/python -W ignore:setup.py install is deprecated -W ignore:easy_install command is deprecated setup.py egg_info --egg-base ../../../build/follow_traj_re build --build-base /home/renth/mpc_ws/build/follow_traj_re/build install --record /home/renth/mpc_ws/build/follow_traj_re/install.log --single-version-externally-managed install_data
[0.429s] running egg_info
[0.429s] writing ../../../build/follow_traj_re/follow_traj_re.egg-info/PKG-INFO
[0.429s] writing dependency_links to ../../../build/follow_traj_re/follow_traj_re.egg-info/dependency_links.txt
[0.430s] writing entry points to ../../../build/follow_traj_re/follow_traj_re.egg-info/entry_points.txt
[0.430s] writing requirements to ../../../build/follow_traj_re/follow_traj_re.egg-info/requires.txt
[0.430s] writing top-level names to ../../../build/follow_traj_re/follow_traj_re.egg-info/top_level.txt
[0.430s] reading manifest file '../../../build/follow_traj_re/follow_traj_re.egg-info/SOURCES.txt'
[0.431s] writing manifest file '../../../build/follow_traj_re/follow_traj_re.egg-info/SOURCES.txt'
[0.431s] running build
[0.431s] running build_py
[0.431s] copying follow_traj_re/change_node.py -> /home/renth/mpc_ws/build/follow_traj_re/build/lib/follow_traj_re
[0.431s] copying follow_traj_re/mpc_node.py -> /home/renth/mpc_ws/build/follow_traj_re/build/lib/follow_traj_re
[0.431s] copying follow_traj_re/send_msg.py -> /home/renth/mpc_ws/build/follow_traj_re/build/lib/follow_traj_re
[0.431s] copying follow_traj_re/lane_change.py -> /home/renth/mpc_ws/build/follow_traj_re/build/lib/follow_traj_re
[0.431s] running install
[0.431s] running install_lib
[0.432s] copying /home/renth/mpc_ws/build/follow_traj_re/build/lib/follow_traj_re/change_node.py -> /home/renth/mpc_ws/install/follow_traj_re/lib/python3.10/site-packages/follow_traj_re
[0.432s] copying /home/renth/mpc_ws/build/follow_traj_re/build/lib/follow_traj_re/mpc_node.py -> /home/renth/mpc_ws/install/follow_traj_re/lib/python3.10/site-packages/follow_traj_re
[0.432s] copying /home/renth/mpc_ws/build/follow_traj_re/build/lib/follow_traj_re/send_msg.py -> /home/renth/mpc_ws/install/follow_traj_re/lib/python3.10/site-packages/follow_traj_re
[0.432s] copying /home/renth/mpc_ws/build/follow_traj_re/build/lib/follow_traj_re/lane_change.py -> /home/renth/mpc_ws/install/follow_traj_re/lib/python3.10/site-packages/follow_traj_re
[0.432s] byte-compiling /home/renth/mpc_ws/install/follow_traj_re/lib/python3.10/site-packages/follow_traj_re/change_node.py to change_node.cpython-310.pyc
[0.433s] byte-compiling /home/renth/mpc_ws/install/follow_traj_re/lib/python3.10/site-packages/follow_traj_re/mpc_node.py to mpc_node.cpython-310.pyc
[0.433s] byte-compiling /home/renth/mpc_ws/install/follow_traj_re/lib/python3.10/site-packages/follow_traj_re/send_msg.py to send_msg.cpython-310.pyc
[0.434s] byte-compiling /home/renth/mpc_ws/install/follow_traj_re/lib/python3.10/site-packages/follow_traj_re/lane_change.py to lane_change.cpython-310.pyc
[0.435s] running install_data
[0.435s] running install_egg_info
[0.436s] removing '/home/renth/mpc_ws/install/follow_traj_re/lib/python3.10/site-packages/follow_traj_re-0.0.0-py3.10.egg-info' (and everything under it)
[0.436s] Copying ../../../build/follow_traj_re/follow_traj_re.egg-info to /home/renth/mpc_ws/install/follow_traj_re/lib/python3.10/site-packages/follow_traj_re-0.0.0-py3.10.egg-info
[0.436s] running install_scripts
[0.446s] Installing can_node script to /home/renth/mpc_ws/install/follow_traj_re/lib/follow_traj_re
[0.446s] Installing follow_node script to /home/renth/mpc_ws/install/follow_traj_re/lib/follow_traj_re
[0.446s] writing list of installed files to '/home/renth/mpc_ws/build/follow_traj_re/install.log'
[0.459s] Invoked command in '/home/renth/mpc_ws/src/demo1/follow_traj_re' returned '0': CONDA_PROMPT_MODIFIER=(demo1) PYTHONPATH=/home/renth/mpc_ws/build/follow_traj_re/prefix_override:/home/renth/anaconda3/envs/demo1/lib/python3.10/site-packages/colcon_core/task/python/colcon_distutils_commands:/home/renth/mpc_ws/install/follow_traj_re/lib/python3.10/site-packages:${PYTHONPATH} /home/renth/anaconda3/envs/demo1/bin/python -W ignore:setup.py install is deprecated -W ignore:easy_install command is deprecated setup.py egg_info --egg-base ../../../build/follow_traj_re build --build-base /home/renth/mpc_ws/build/follow_traj_re/build install --record /home/renth/mpc_ws/build/follow_traj_re/install.log --single-version-externally-managed install_data
