/home/renth/mpc_ws/install/follow_traj_wd/lib/python3.10/site-packages/follow_traj_wd/can_node_hybrid.py
/home/renth/mpc_ws/install/follow_traj_wd/lib/python3.10/site-packages/follow_traj_wd/read_csv.py
/home/renth/mpc_ws/install/follow_traj_wd/lib/python3.10/site-packages/follow_traj_wd/can_use.py
/home/renth/mpc_ws/install/follow_traj_wd/lib/python3.10/site-packages/follow_traj_wd/utils.py
/home/renth/mpc_ws/install/follow_traj_wd/lib/python3.10/site-packages/follow_traj_wd/publish_trajectory_node.py
/home/renth/mpc_ws/install/follow_traj_wd/lib/python3.10/site-packages/follow_traj_wd/visualization_node.py
/home/renth/mpc_ws/install/follow_traj_wd/lib/python3.10/site-packages/follow_traj_wd/hybrid_follow_node.py
/home/renth/mpc_ws/install/follow_traj_wd/lib/python3.10/site-packages/follow_traj_wd/switch_trajectory.py
/home/renth/mpc_ws/install/follow_traj_wd/lib/python3.10/site-packages/follow_traj_wd/lane_change_vx.py
/home/renth/mpc_ws/install/follow_traj_wd/lib/python3.10/site-packages/follow_traj_wd/follow_node.py
/home/renth/mpc_ws/install/follow_traj_wd/lib/python3.10/site-packages/follow_traj_wd/follow_demo_2025.py
/home/renth/mpc_ws/install/follow_traj_wd/lib/python3.10/site-packages/follow_traj_wd/mpc_node_v2.py
/home/renth/mpc_ws/install/follow_traj_wd/lib/python3.10/site-packages/follow_traj_wd/follow_demo_mpc_bank.py
/home/renth/mpc_ws/install/follow_traj_wd/lib/python3.10/site-packages/follow_traj_wd/can_node.py
/home/renth/mpc_ws/install/follow_traj_wd/lib/python3.10/site-packages/follow_traj_wd/lane_change.py
/home/renth/mpc_ws/install/follow_traj_wd/lib/python3.10/site-packages/follow_traj_wd/__init__.py
/home/renth/mpc_ws/install/follow_traj_wd/lib/python3.10/site-packages/follow_traj_wd/adjust_trajectory_node.py
/home/renth/mpc_ws/install/follow_traj_wd/lib/python3.10/site-packages/follow_traj_wd/__pycache__/can_node_hybrid.cpython-310.pyc
/home/renth/mpc_ws/install/follow_traj_wd/lib/python3.10/site-packages/follow_traj_wd/__pycache__/read_csv.cpython-310.pyc
/home/renth/mpc_ws/install/follow_traj_wd/lib/python3.10/site-packages/follow_traj_wd/__pycache__/can_use.cpython-310.pyc
/home/renth/mpc_ws/install/follow_traj_wd/lib/python3.10/site-packages/follow_traj_wd/__pycache__/utils.cpython-310.pyc
/home/renth/mpc_ws/install/follow_traj_wd/lib/python3.10/site-packages/follow_traj_wd/__pycache__/publish_trajectory_node.cpython-310.pyc
/home/renth/mpc_ws/install/follow_traj_wd/lib/python3.10/site-packages/follow_traj_wd/__pycache__/visualization_node.cpython-310.pyc
/home/renth/mpc_ws/install/follow_traj_wd/lib/python3.10/site-packages/follow_traj_wd/__pycache__/hybrid_follow_node.cpython-310.pyc
/home/renth/mpc_ws/install/follow_traj_wd/lib/python3.10/site-packages/follow_traj_wd/__pycache__/switch_trajectory.cpython-310.pyc
/home/renth/mpc_ws/install/follow_traj_wd/lib/python3.10/site-packages/follow_traj_wd/__pycache__/lane_change_vx.cpython-310.pyc
/home/renth/mpc_ws/install/follow_traj_wd/lib/python3.10/site-packages/follow_traj_wd/__pycache__/follow_node.cpython-310.pyc
/home/renth/mpc_ws/install/follow_traj_wd/lib/python3.10/site-packages/follow_traj_wd/__pycache__/follow_demo_2025.cpython-310.pyc
/home/renth/mpc_ws/install/follow_traj_wd/lib/python3.10/site-packages/follow_traj_wd/__pycache__/mpc_node_v2.cpython-310.pyc
/home/renth/mpc_ws/install/follow_traj_wd/lib/python3.10/site-packages/follow_traj_wd/__pycache__/follow_demo_mpc_bank.cpython-310.pyc
/home/renth/mpc_ws/install/follow_traj_wd/lib/python3.10/site-packages/follow_traj_wd/__pycache__/can_node.cpython-310.pyc
/home/renth/mpc_ws/install/follow_traj_wd/lib/python3.10/site-packages/follow_traj_wd/__pycache__/lane_change.cpython-310.pyc
/home/renth/mpc_ws/install/follow_traj_wd/lib/python3.10/site-packages/follow_traj_wd/__pycache__/__init__.cpython-310.pyc
/home/renth/mpc_ws/install/follow_traj_wd/lib/python3.10/site-packages/follow_traj_wd/__pycache__/adjust_trajectory_node.cpython-310.pyc
/home/renth/mpc_ws/install/follow_traj_wd/share/ament_index/resource_index/packages/follow_traj_wd
/home/renth/mpc_ws/install/follow_traj_wd/share/follow_traj_wd/package.xml
/home/renth/mpc_ws/install/follow_traj_wd/lib/python3.10/site-packages/follow_traj_wd-0.0.0-py3.10.egg-info/requires.txt
/home/renth/mpc_ws/install/follow_traj_wd/lib/python3.10/site-packages/follow_traj_wd-0.0.0-py3.10.egg-info/zip-safe
/home/renth/mpc_ws/install/follow_traj_wd/lib/python3.10/site-packages/follow_traj_wd-0.0.0-py3.10.egg-info/entry_points.txt
/home/renth/mpc_ws/install/follow_traj_wd/lib/python3.10/site-packages/follow_traj_wd-0.0.0-py3.10.egg-info/PKG-INFO
/home/renth/mpc_ws/install/follow_traj_wd/lib/python3.10/site-packages/follow_traj_wd-0.0.0-py3.10.egg-info/SOURCES.txt
/home/renth/mpc_ws/install/follow_traj_wd/lib/python3.10/site-packages/follow_traj_wd-0.0.0-py3.10.egg-info/dependency_links.txt
/home/renth/mpc_ws/install/follow_traj_wd/lib/python3.10/site-packages/follow_traj_wd-0.0.0-py3.10.egg-info/top_level.txt
/home/renth/mpc_ws/install/follow_traj_wd/lib/follow_traj_wd/adjust_trajectory
/home/renth/mpc_ws/install/follow_traj_wd/lib/follow_traj_wd/can_node
/home/renth/mpc_ws/install/follow_traj_wd/lib/follow_traj_wd/follow_node
/home/renth/mpc_ws/install/follow_traj_wd/lib/follow_traj_wd/hybrid_follow_node
/home/renth/mpc_ws/install/follow_traj_wd/lib/follow_traj_wd/mpc_follow_node
/home/renth/mpc_ws/install/follow_traj_wd/lib/follow_traj_wd/publish_trajectory
/home/renth/mpc_ws/install/follow_traj_wd/lib/follow_traj_wd/visualization_node
