[0.079s] DEBUG:colcon:Command line arguments: ['/home/renth/anaconda3/envs/demo1/lib/python3.10/site-packages/colcon/__main__.py', 'build', '--packages-select', 'follow_traj_re']
[0.079s] DEBUG:colcon:Parsed command line arguments: Namespace(log_base=None, log_level=None, verb_name='build', build_base='build', install_base='install', merge_install=False, symlink_install=False, test_result_base=None, continue_on_error=False, executor='parallel', parallel_workers=24, event_handlers=None, ignore_user_meta=False, metas=['./colcon.meta'], base_paths=['.'], packages_ignore=None, packages_ignore_regex=None, paths=None, packages_up_to=None, packages_up_to_regex=None, packages_above=None, packages_above_and_dependencies=None, packages_above_depth=None, packages_select_by_dep=None, packages_skip_by_dep=None, packages_skip_up_to=None, packages_select_build_failed=False, packages_skip_build_finished=False, packages_select_test_failures=False, packages_skip_test_passed=False, packages_select=['follow_traj_re'], packages_skip=None, packages_select_regex=None, packages_skip_regex=None, packages_start=None, packages_end=None, cmake_args=None, cmake_target=None, cmake_target_skip_unavailable=False, cmake_clean_cache=False, cmake_clean_first=False, cmake_force_configure=False, ament_cmake_args=None, catkin_cmake_args=None, catkin_skip_building_tests=False, verb_parser=<colcon_defaults.argument_parser.defaults.DefaultArgumentsDecorator object at 0x76d836524100>, verb_extension=<colcon_core.verb.build.BuildVerb object at 0x76d8364efaf0>, main=<bound method BuildVerb.main of <colcon_core.verb.build.BuildVerb object at 0x76d8364efaf0>>)
[0.164s] Level 1:colcon.colcon_core.package_discovery:discover_packages(colcon_meta) check parameters
[0.164s] Level 1:colcon.colcon_core.package_discovery:discover_packages(recursive) check parameters
[0.164s] Level 1:colcon.colcon_core.package_discovery:discover_packages(ignore) check parameters
[0.164s] Level 1:colcon.colcon_core.package_discovery:discover_packages(path) check parameters
[0.164s] Level 1:colcon.colcon_core.package_discovery:discover_packages(colcon_meta) discover
[0.164s] Level 1:colcon.colcon_core.package_discovery:discover_packages(recursive) discover
[0.165s] INFO:colcon.colcon_core.package_discovery:Crawling recursively for packages in '/home/renth/mpc_ws'
[0.165s] Level 1:colcon.colcon_core.package_identification:_identify(.) by extensions ['ignore', 'ignore_ament_install']
[0.165s] Level 1:colcon.colcon_core.package_identification:_identify(.) by extension 'ignore'
[0.165s] Level 1:colcon.colcon_core.package_identification:_identify(.) by extension 'ignore_ament_install'
[0.165s] Level 1:colcon.colcon_core.package_identification:_identify(.) by extensions ['colcon_pkg']
[0.165s] Level 1:colcon.colcon_core.package_identification:_identify(.) by extension 'colcon_pkg'
[0.165s] Level 1:colcon.colcon_core.package_identification:_identify(.) by extensions ['colcon_meta']
[0.165s] Level 1:colcon.colcon_core.package_identification:_identify(.) by extension 'colcon_meta'
[0.165s] Level 1:colcon.colcon_core.package_identification:_identify(.) by extensions ['ros']
[0.165s] Level 1:colcon.colcon_core.package_identification:_identify(.) by extension 'ros'
[0.177s] Level 1:colcon.colcon_core.package_identification:_identify(.) by extensions ['cmake', 'python']
[0.177s] Level 1:colcon.colcon_core.package_identification:_identify(.) by extension 'cmake'
[0.177s] Level 1:colcon.colcon_core.package_identification:_identify(.) by extension 'python'
[0.177s] Level 1:colcon.colcon_core.package_identification:_identify(.) by extensions ['python_setup_py']
[0.177s] Level 1:colcon.colcon_core.package_identification:_identify(.) by extension 'python_setup_py'
[0.177s] Level 1:colcon.colcon_core.package_identification:_identify(build) by extensions ['ignore', 'ignore_ament_install']
[0.177s] Level 1:colcon.colcon_core.package_identification:_identify(build) by extension 'ignore'
[0.177s] Level 1:colcon.colcon_core.package_identification:_identify(build) ignored
[0.177s] Level 1:colcon.colcon_core.package_identification:_identify(install) by extensions ['ignore', 'ignore_ament_install']
[0.177s] Level 1:colcon.colcon_core.package_identification:_identify(install) by extension 'ignore'
[0.177s] Level 1:colcon.colcon_core.package_identification:_identify(install) ignored
[0.177s] Level 1:colcon.colcon_core.package_identification:_identify(log) by extensions ['ignore', 'ignore_ament_install']
[0.177s] Level 1:colcon.colcon_core.package_identification:_identify(log) by extension 'ignore'
[0.177s] Level 1:colcon.colcon_core.package_identification:_identify(log) ignored
[0.177s] Level 1:colcon.colcon_core.package_identification:_identify(src) by extensions ['ignore', 'ignore_ament_install']
[0.177s] Level 1:colcon.colcon_core.package_identification:_identify(src) by extension 'ignore'
[0.177s] Level 1:colcon.colcon_core.package_identification:_identify(src) by extension 'ignore_ament_install'
[0.177s] Level 1:colcon.colcon_core.package_identification:_identify(src) by extensions ['colcon_pkg']
[0.177s] Level 1:colcon.colcon_core.package_identification:_identify(src) by extension 'colcon_pkg'
[0.177s] Level 1:colcon.colcon_core.package_identification:_identify(src) by extensions ['colcon_meta']
[0.177s] Level 1:colcon.colcon_core.package_identification:_identify(src) by extension 'colcon_meta'
[0.177s] Level 1:colcon.colcon_core.package_identification:_identify(src) by extensions ['ros']
[0.177s] Level 1:colcon.colcon_core.package_identification:_identify(src) by extension 'ros'
[0.177s] Level 1:colcon.colcon_core.package_identification:_identify(src) by extensions ['cmake', 'python']
[0.177s] Level 1:colcon.colcon_core.package_identification:_identify(src) by extension 'cmake'
[0.177s] Level 1:colcon.colcon_core.package_identification:_identify(src) by extension 'python'
[0.177s] Level 1:colcon.colcon_core.package_identification:_identify(src) by extensions ['python_setup_py']
[0.177s] Level 1:colcon.colcon_core.package_identification:_identify(src) by extension 'python_setup_py'
[0.177s] Level 1:colcon.colcon_core.package_identification:_identify(src/demo1) by extensions ['ignore', 'ignore_ament_install']
[0.177s] Level 1:colcon.colcon_core.package_identification:_identify(src/demo1) by extension 'ignore'
[0.177s] Level 1:colcon.colcon_core.package_identification:_identify(src/demo1) by extension 'ignore_ament_install'
[0.177s] Level 1:colcon.colcon_core.package_identification:_identify(src/demo1) by extensions ['colcon_pkg']
[0.177s] Level 1:colcon.colcon_core.package_identification:_identify(src/demo1) by extension 'colcon_pkg'
[0.177s] Level 1:colcon.colcon_core.package_identification:_identify(src/demo1) by extensions ['colcon_meta']
[0.177s] Level 1:colcon.colcon_core.package_identification:_identify(src/demo1) by extension 'colcon_meta'
[0.177s] Level 1:colcon.colcon_core.package_identification:_identify(src/demo1) by extensions ['ros']
[0.177s] Level 1:colcon.colcon_core.package_identification:_identify(src/demo1) by extension 'ros'
[0.177s] Level 1:colcon.colcon_core.package_identification:_identify(src/demo1) by extensions ['cmake', 'python']
[0.177s] Level 1:colcon.colcon_core.package_identification:_identify(src/demo1) by extension 'cmake'
[0.178s] Level 1:colcon.colcon_core.package_identification:_identify(src/demo1) by extension 'python'
[0.178s] Level 1:colcon.colcon_core.package_identification:_identify(src/demo1) by extensions ['python_setup_py']
[0.178s] Level 1:colcon.colcon_core.package_identification:_identify(src/demo1) by extension 'python_setup_py'
[0.178s] Level 1:colcon.colcon_core.package_identification:_identify(src/demo1/follow_traj) by extensions ['ignore', 'ignore_ament_install']
[0.178s] Level 1:colcon.colcon_core.package_identification:_identify(src/demo1/follow_traj) by extension 'ignore'
[0.178s] Level 1:colcon.colcon_core.package_identification:_identify(src/demo1/follow_traj) by extension 'ignore_ament_install'
[0.178s] Level 1:colcon.colcon_core.package_identification:_identify(src/demo1/follow_traj) by extensions ['colcon_pkg']
[0.178s] Level 1:colcon.colcon_core.package_identification:_identify(src/demo1/follow_traj) by extension 'colcon_pkg'
[0.178s] Level 1:colcon.colcon_core.package_identification:_identify(src/demo1/follow_traj) by extensions ['colcon_meta']
[0.178s] Level 1:colcon.colcon_core.package_identification:_identify(src/demo1/follow_traj) by extension 'colcon_meta'
[0.178s] Level 1:colcon.colcon_core.package_identification:_identify(src/demo1/follow_traj) by extensions ['ros']
[0.178s] Level 1:colcon.colcon_core.package_identification:_identify(src/demo1/follow_traj) by extension 'ros'
[0.179s] DEBUG:colcon.colcon_core.package_identification:Package 'src/demo1/follow_traj' with type 'ros.ament_python' and name 'follow_traj'
[0.179s] Level 1:colcon.colcon_core.package_identification:_identify(src/demo1/follow_traj_re) by extensions ['ignore', 'ignore_ament_install']
[0.179s] Level 1:colcon.colcon_core.package_identification:_identify(src/demo1/follow_traj_re) by extension 'ignore'
[0.179s] Level 1:colcon.colcon_core.package_identification:_identify(src/demo1/follow_traj_re) by extension 'ignore_ament_install'
[0.179s] Level 1:colcon.colcon_core.package_identification:_identify(src/demo1/follow_traj_re) by extensions ['colcon_pkg']
[0.179s] Level 1:colcon.colcon_core.package_identification:_identify(src/demo1/follow_traj_re) by extension 'colcon_pkg'
[0.179s] Level 1:colcon.colcon_core.package_identification:_identify(src/demo1/follow_traj_re) by extensions ['colcon_meta']
[0.179s] Level 1:colcon.colcon_core.package_identification:_identify(src/demo1/follow_traj_re) by extension 'colcon_meta'
[0.180s] Level 1:colcon.colcon_core.package_identification:_identify(src/demo1/follow_traj_re) by extensions ['ros']
[0.180s] Level 1:colcon.colcon_core.package_identification:_identify(src/demo1/follow_traj_re) by extension 'ros'
[0.180s] Level 1:colcon.colcon_core.package_identification:_identify(src/demo1/follow_traj_re) by extensions ['cmake', 'python']
[0.180s] Level 1:colcon.colcon_core.package_identification:_identify(src/demo1/follow_traj_re) by extension 'cmake'
[0.180s] Level 1:colcon.colcon_core.package_identification:_identify(src/demo1/follow_traj_re) by extension 'python'
[0.180s] Level 1:colcon.colcon_core.package_identification:_identify(src/demo1/follow_traj_re) by extensions ['python_setup_py']
[0.180s] Level 1:colcon.colcon_core.package_identification:_identify(src/demo1/follow_traj_re) by extension 'python_setup_py'
[0.180s] Level 1:colcon.colcon_core.package_identification:_identify(src/demo1/follow_traj_re/follow_traj_re) by extensions ['ignore', 'ignore_ament_install']
[0.180s] Level 1:colcon.colcon_core.package_identification:_identify(src/demo1/follow_traj_re/follow_traj_re) by extension 'ignore'
[0.180s] Level 1:colcon.colcon_core.package_identification:_identify(src/demo1/follow_traj_re/follow_traj_re) by extension 'ignore_ament_install'
[0.180s] Level 1:colcon.colcon_core.package_identification:_identify(src/demo1/follow_traj_re/follow_traj_re) by extensions ['colcon_pkg']
[0.180s] Level 1:colcon.colcon_core.package_identification:_identify(src/demo1/follow_traj_re/follow_traj_re) by extension 'colcon_pkg'
[0.180s] Level 1:colcon.colcon_core.package_identification:_identify(src/demo1/follow_traj_re/follow_traj_re) by extensions ['colcon_meta']
[0.180s] Level 1:colcon.colcon_core.package_identification:_identify(src/demo1/follow_traj_re/follow_traj_re) by extension 'colcon_meta'
[0.180s] Level 1:colcon.colcon_core.package_identification:_identify(src/demo1/follow_traj_re/follow_traj_re) by extensions ['ros']
[0.180s] Level 1:colcon.colcon_core.package_identification:_identify(src/demo1/follow_traj_re/follow_traj_re) by extension 'ros'
[0.180s] Level 1:colcon.colcon_core.package_identification:_identify(src/demo1/follow_traj_re/follow_traj_re) by extensions ['cmake', 'python']
[0.180s] Level 1:colcon.colcon_core.package_identification:_identify(src/demo1/follow_traj_re/follow_traj_re) by extension 'cmake'
[0.180s] Level 1:colcon.colcon_core.package_identification:_identify(src/demo1/follow_traj_re/follow_traj_re) by extension 'python'
[0.180s] Level 1:colcon.colcon_core.package_identification:_identify(src/demo1/follow_traj_re/follow_traj_re) by extensions ['python_setup_py']
[0.180s] Level 1:colcon.colcon_core.package_identification:_identify(src/demo1/follow_traj_re/follow_traj_re) by extension 'python_setup_py'
[0.180s] Level 1:colcon.colcon_core.package_identification:_identify(src/demo1/follow_traj_re/follow_traj_re/__pycache__) by extensions ['ignore', 'ignore_ament_install']
[0.180s] Level 1:colcon.colcon_core.package_identification:_identify(src/demo1/follow_traj_re/follow_traj_re/__pycache__) by extension 'ignore'
[0.180s] Level 1:colcon.colcon_core.package_identification:_identify(src/demo1/follow_traj_re/follow_traj_re/__pycache__) by extension 'ignore_ament_install'
[0.180s] Level 1:colcon.colcon_core.package_identification:_identify(src/demo1/follow_traj_re/follow_traj_re/__pycache__) by extensions ['colcon_pkg']
[0.180s] Level 1:colcon.colcon_core.package_identification:_identify(src/demo1/follow_traj_re/follow_traj_re/__pycache__) by extension 'colcon_pkg'
[0.180s] Level 1:colcon.colcon_core.package_identification:_identify(src/demo1/follow_traj_re/follow_traj_re/__pycache__) by extensions ['colcon_meta']
[0.180s] Level 1:colcon.colcon_core.package_identification:_identify(src/demo1/follow_traj_re/follow_traj_re/__pycache__) by extension 'colcon_meta'
[0.180s] Level 1:colcon.colcon_core.package_identification:_identify(src/demo1/follow_traj_re/follow_traj_re/__pycache__) by extensions ['ros']
[0.180s] Level 1:colcon.colcon_core.package_identification:_identify(src/demo1/follow_traj_re/follow_traj_re/__pycache__) by extension 'ros'
[0.180s] Level 1:colcon.colcon_core.package_identification:_identify(src/demo1/follow_traj_re/follow_traj_re/__pycache__) by extensions ['cmake', 'python']
[0.180s] Level 1:colcon.colcon_core.package_identification:_identify(src/demo1/follow_traj_re/follow_traj_re/__pycache__) by extension 'cmake'
[0.180s] Level 1:colcon.colcon_core.package_identification:_identify(src/demo1/follow_traj_re/follow_traj_re/__pycache__) by extension 'python'
[0.180s] Level 1:colcon.colcon_core.package_identification:_identify(src/demo1/follow_traj_re/follow_traj_re/__pycache__) by extensions ['python_setup_py']
[0.180s] Level 1:colcon.colcon_core.package_identification:_identify(src/demo1/follow_traj_re/follow_traj_re/__pycache__) by extension 'python_setup_py'
[0.180s] Level 1:colcon.colcon_core.package_identification:_identify(src/demo1/follow_traj_re/resource) by extensions ['ignore', 'ignore_ament_install']
[0.180s] Level 1:colcon.colcon_core.package_identification:_identify(src/demo1/follow_traj_re/resource) by extension 'ignore'
[0.180s] Level 1:colcon.colcon_core.package_identification:_identify(src/demo1/follow_traj_re/resource) by extension 'ignore_ament_install'
[0.180s] Level 1:colcon.colcon_core.package_identification:_identify(src/demo1/follow_traj_re/resource) by extensions ['colcon_pkg']
[0.180s] Level 1:colcon.colcon_core.package_identification:_identify(src/demo1/follow_traj_re/resource) by extension 'colcon_pkg'
[0.180s] Level 1:colcon.colcon_core.package_identification:_identify(src/demo1/follow_traj_re/resource) by extensions ['colcon_meta']
[0.180s] Level 1:colcon.colcon_core.package_identification:_identify(src/demo1/follow_traj_re/resource) by extension 'colcon_meta'
[0.180s] Level 1:colcon.colcon_core.package_identification:_identify(src/demo1/follow_traj_re/resource) by extensions ['ros']
[0.180s] Level 1:colcon.colcon_core.package_identification:_identify(src/demo1/follow_traj_re/resource) by extension 'ros'
[0.180s] Level 1:colcon.colcon_core.package_identification:_identify(src/demo1/follow_traj_re/resource) by extensions ['cmake', 'python']
[0.180s] Level 1:colcon.colcon_core.package_identification:_identify(src/demo1/follow_traj_re/resource) by extension 'cmake'
[0.180s] Level 1:colcon.colcon_core.package_identification:_identify(src/demo1/follow_traj_re/resource) by extension 'python'
[0.180s] Level 1:colcon.colcon_core.package_identification:_identify(src/demo1/follow_traj_re/resource) by extensions ['python_setup_py']
[0.180s] Level 1:colcon.colcon_core.package_identification:_identify(src/demo1/follow_traj_re/resource) by extension 'python_setup_py'
[0.180s] Level 1:colcon.colcon_core.package_identification:_identify(src/demo1/follow_traj_wd) by extensions ['ignore', 'ignore_ament_install']
[0.181s] Level 1:colcon.colcon_core.package_identification:_identify(src/demo1/follow_traj_wd) by extension 'ignore'
[0.181s] Level 1:colcon.colcon_core.package_identification:_identify(src/demo1/follow_traj_wd) by extension 'ignore_ament_install'
[0.181s] Level 1:colcon.colcon_core.package_identification:_identify(src/demo1/follow_traj_wd) by extensions ['colcon_pkg']
[0.181s] Level 1:colcon.colcon_core.package_identification:_identify(src/demo1/follow_traj_wd) by extension 'colcon_pkg'
[0.181s] Level 1:colcon.colcon_core.package_identification:_identify(src/demo1/follow_traj_wd) by extensions ['colcon_meta']
[0.181s] Level 1:colcon.colcon_core.package_identification:_identify(src/demo1/follow_traj_wd) by extension 'colcon_meta'
[0.181s] Level 1:colcon.colcon_core.package_identification:_identify(src/demo1/follow_traj_wd) by extensions ['ros']
[0.181s] Level 1:colcon.colcon_core.package_identification:_identify(src/demo1/follow_traj_wd) by extension 'ros'
[0.181s] DEBUG:colcon.colcon_core.package_identification:Package 'src/demo1/follow_traj_wd' with type 'ros.ament_python' and name 'follow_traj_wd'
[0.181s] Level 1:colcon.colcon_core.package_discovery:discover_packages(recursive) using defaults
[0.181s] Level 1:colcon.colcon_core.package_discovery:discover_packages(ignore) discover
[0.181s] Level 1:colcon.colcon_core.package_discovery:discover_packages(ignore) using defaults
[0.181s] Level 1:colcon.colcon_core.package_discovery:discover_packages(path) discover
[0.181s] Level 1:colcon.colcon_core.package_discovery:discover_packages(path) using defaults
[0.181s] WARNING:colcon.colcon_core.package_selection:ignoring unknown package 'follow_traj_re' in --packages-select
[0.193s] INFO:colcon.colcon_core.package_selection:Skipping not selected package 'follow_traj' in 'src/demo1/follow_traj'
[0.193s] INFO:colcon.colcon_core.package_selection:Skipping not selected package 'follow_traj_wd' in 'src/demo1/follow_traj_wd'
[0.193s] INFO:colcon.colcon_core.executor:Executing jobs using 'parallel' executor
[0.193s] DEBUG:colcon.colcon_parallel_executor.executor.parallel:run_until_complete
[0.194s] DEBUG:colcon.colcon_parallel_executor.executor.parallel:closing loop
[0.194s] DEBUG:colcon.colcon_parallel_executor.executor.parallel:loop closed
[0.194s] DEBUG:colcon.colcon_parallel_executor.executor.parallel:run_until_complete finished with '0'
[0.194s] DEBUG:colcon.colcon_core.event_reactor:joining thread
[0.196s] INFO:colcon.colcon_core.plugin_system:Skipping extension 'colcon_notification.desktop_notification.notify2': 'notify2' not found
[0.196s] INFO:colcon.colcon_core.plugin_system:Skipping extension 'colcon_notification.desktop_notification.terminal_notifier': Not used on non-Darwin systems
[0.196s] INFO:colcon.colcon_core.plugin_system:Skipping extension 'colcon_notification.desktop_notification.win32': Not used on non-Windows systems
[0.196s] INFO:colcon.colcon_notification.desktop_notification:Sending desktop notification using 'notify_send'
[0.213s] DEBUG:colcon.colcon_core.event_reactor:joined thread
[0.217s] INFO:colcon.colcon_core.plugin_system:Skipping extension 'colcon_core.shell.bat': Not used on non-Windows systems
[0.217s] INFO:colcon.colcon_core.shell:Creating prefix script '/home/renth/mpc_ws/install/local_setup.ps1'
[0.219s] INFO:colcon.colcon_core.shell:Creating prefix util module '/home/renth/mpc_ws/install/_local_setup_util_ps1.py'
[0.220s] INFO:colcon.colcon_core.shell:Creating prefix chain script '/home/renth/mpc_ws/install/setup.ps1'
[0.222s] INFO:colcon.colcon_core.shell:Creating prefix script '/home/renth/mpc_ws/install/local_setup.sh'
[0.223s] INFO:colcon.colcon_core.shell:Creating prefix util module '/home/renth/mpc_ws/install/_local_setup_util_sh.py'
[0.223s] INFO:colcon.colcon_core.shell:Creating prefix chain script '/home/renth/mpc_ws/install/setup.sh'
[0.224s] INFO:colcon.colcon_core.shell:Creating prefix script '/home/renth/mpc_ws/install/local_setup.bash'
[0.225s] INFO:colcon.colcon_core.shell:Creating prefix chain script '/home/renth/mpc_ws/install/setup.bash'
[0.226s] INFO:colcon.colcon_core.shell:Creating prefix script '/home/renth/mpc_ws/install/local_setup.zsh'
[0.226s] INFO:colcon.colcon_core.shell:Creating prefix chain script '/home/renth/mpc_ws/install/setup.zsh'
