[0.303s] Invoking command in '/home/renth/mpc_ws/src/demo1/follow_traj_wd': CONDA_PROMPT_MODIFIER=(demo1) PYTHONPATH=/home/renth/mpc_ws/build/follow_traj_wd/prefix_override:/home/renth/anaconda3/envs/demo1/lib/python3.10/site-packages/colcon_core/task/python/colcon_distutils_commands:/home/renth/mpc_ws/install/follow_traj_wd/lib/python3.10/site-packages:${PYTHONPATH} /home/renth/anaconda3/envs/demo1/bin/python3.10 -W ignore:setup.py install is deprecated -W ignore:easy_install command is deprecated setup.py egg_info --egg-base ../../../build/follow_traj_wd build --build-base /home/renth/mpc_ws/build/follow_traj_wd/build install --record /home/renth/mpc_ws/build/follow_traj_wd/install.log --single-version-externally-managed install_data
[0.410s] running egg_info
[0.410s] writing ../../../build/follow_traj_wd/follow_traj_wd.egg-info/PKG-INFO
[0.410s] writing dependency_links to ../../../build/follow_traj_wd/follow_traj_wd.egg-info/dependency_links.txt
[0.410s] writing entry points to ../../../build/follow_traj_wd/follow_traj_wd.egg-info/entry_points.txt
[0.410s] writing requirements to ../../../build/follow_traj_wd/follow_traj_wd.egg-info/requires.txt
[0.410s] writing top-level names to ../../../build/follow_traj_wd/follow_traj_wd.egg-info/top_level.txt
[0.411s] reading manifest file '../../../build/follow_traj_wd/follow_traj_wd.egg-info/SOURCES.txt'
[0.412s] writing manifest file '../../../build/follow_traj_wd/follow_traj_wd.egg-info/SOURCES.txt'
[0.412s] running build
[0.412s] running build_py
[0.412s] copying follow_traj_wd/mpc_node_v2.py -> /home/renth/mpc_ws/build/follow_traj_wd/build/lib/follow_traj_wd
[0.412s] running install
[0.412s] running install_lib
[0.413s] copying /home/renth/mpc_ws/build/follow_traj_wd/build/lib/follow_traj_wd/mpc_node_v2.py -> /home/renth/mpc_ws/install/follow_traj_wd/lib/python3.10/site-packages/follow_traj_wd
[0.413s] byte-compiling /home/renth/mpc_ws/install/follow_traj_wd/lib/python3.10/site-packages/follow_traj_wd/mpc_node_v2.py to mpc_node_v2.cpython-310.pyc
[0.414s] running install_data
[0.414s] running install_egg_info
[0.415s] removing '/home/renth/mpc_ws/install/follow_traj_wd/lib/python3.10/site-packages/follow_traj_wd-0.0.0-py3.10.egg-info' (and everything under it)
[0.415s] Copying ../../../build/follow_traj_wd/follow_traj_wd.egg-info to /home/renth/mpc_ws/install/follow_traj_wd/lib/python3.10/site-packages/follow_traj_wd-0.0.0-py3.10.egg-info
[0.415s] running install_scripts
[0.425s] Installing adjust_trajectory script to /home/renth/mpc_ws/install/follow_traj_wd/lib/follow_traj_wd
[0.425s] Installing can_node script to /home/renth/mpc_ws/install/follow_traj_wd/lib/follow_traj_wd
[0.425s] Installing follow_node script to /home/renth/mpc_ws/install/follow_traj_wd/lib/follow_traj_wd
[0.425s] Installing hybrid_follow_node script to /home/renth/mpc_ws/install/follow_traj_wd/lib/follow_traj_wd
[0.425s] Installing mpc_follow_node script to /home/renth/mpc_ws/install/follow_traj_wd/lib/follow_traj_wd
[0.425s] Installing publish_trajectory script to /home/renth/mpc_ws/install/follow_traj_wd/lib/follow_traj_wd
[0.425s] Installing visualization_node script to /home/renth/mpc_ws/install/follow_traj_wd/lib/follow_traj_wd
[0.425s] writing list of installed files to '/home/renth/mpc_ws/build/follow_traj_wd/install.log'
[0.436s] Invoked command in '/home/renth/mpc_ws/src/demo1/follow_traj_wd' returned '0': CONDA_PROMPT_MODIFIER=(demo1) PYTHONPATH=/home/renth/mpc_ws/build/follow_traj_wd/prefix_override:/home/renth/anaconda3/envs/demo1/lib/python3.10/site-packages/colcon_core/task/python/colcon_distutils_commands:/home/renth/mpc_ws/install/follow_traj_wd/lib/python3.10/site-packages:${PYTHONPATH} /home/renth/anaconda3/envs/demo1/bin/python3.10 -W ignore:setup.py install is deprecated -W ignore:easy_install command is deprecated setup.py egg_info --egg-base ../../../build/follow_traj_wd build --build-base /home/renth/mpc_ws/build/follow_traj_wd/build install --record /home/renth/mpc_ws/build/follow_traj_wd/install.log --single-version-externally-managed install_data
