/home/renth/mpc_ws/install/follow_traj_re/lib/python3.10/site-packages/follow_traj_re/change_node.py
/home/renth/mpc_ws/install/follow_traj_re/lib/python3.10/site-packages/follow_traj_re/read_csv.py
/home/renth/mpc_ws/install/follow_traj_re/lib/python3.10/site-packages/follow_traj_re/mpc_follower.py
/home/renth/mpc_ws/install/follow_traj_re/lib/python3.10/site-packages/follow_traj_re/can_use.py
/home/renth/mpc_ws/install/follow_traj_re/lib/python3.10/site-packages/follow_traj_re/test.py
/home/renth/mpc_ws/install/follow_traj_re/lib/python3.10/site-packages/follow_traj_re/mpc_node.py
/home/renth/mpc_ws/install/follow_traj_re/lib/python3.10/site-packages/follow_traj_re/follow_demo_mpc_bank.py
/home/renth/mpc_ws/install/follow_traj_re/lib/python3.10/site-packages/follow_traj_re/send_msg.py
/home/renth/mpc_ws/install/follow_traj_re/lib/python3.10/site-packages/follow_traj_re/can_node.py
/home/renth/mpc_ws/install/follow_traj_re/lib/python3.10/site-packages/follow_traj_re/lane_change.py
/home/renth/mpc_ws/install/follow_traj_re/lib/python3.10/site-packages/follow_traj_re/__init__.py
/home/renth/mpc_ws/install/follow_traj_re/lib/python3.10/site-packages/follow_traj_re/__pycache__/change_node.cpython-310.pyc
/home/renth/mpc_ws/install/follow_traj_re/lib/python3.10/site-packages/follow_traj_re/__pycache__/read_csv.cpython-310.pyc
/home/renth/mpc_ws/install/follow_traj_re/lib/python3.10/site-packages/follow_traj_re/__pycache__/mpc_follower.cpython-310.pyc
/home/renth/mpc_ws/install/follow_traj_re/lib/python3.10/site-packages/follow_traj_re/__pycache__/can_use.cpython-310.pyc
/home/renth/mpc_ws/install/follow_traj_re/lib/python3.10/site-packages/follow_traj_re/__pycache__/test.cpython-310.pyc
/home/renth/mpc_ws/install/follow_traj_re/lib/python3.10/site-packages/follow_traj_re/__pycache__/mpc_node.cpython-310.pyc
/home/renth/mpc_ws/install/follow_traj_re/lib/python3.10/site-packages/follow_traj_re/__pycache__/follow_demo_mpc_bank.cpython-310.pyc
/home/renth/mpc_ws/install/follow_traj_re/lib/python3.10/site-packages/follow_traj_re/__pycache__/send_msg.cpython-310.pyc
/home/renth/mpc_ws/install/follow_traj_re/lib/python3.10/site-packages/follow_traj_re/__pycache__/can_node.cpython-310.pyc
/home/renth/mpc_ws/install/follow_traj_re/lib/python3.10/site-packages/follow_traj_re/__pycache__/lane_change.cpython-310.pyc
/home/renth/mpc_ws/install/follow_traj_re/lib/python3.10/site-packages/follow_traj_re/__pycache__/__init__.cpython-310.pyc
/home/renth/mpc_ws/install/follow_traj_re/share/ament_index/resource_index/packages/follow_traj_re
/home/renth/mpc_ws/install/follow_traj_re/share/follow_traj_re/package.xml
/home/renth/mpc_ws/install/follow_traj_re/lib/python3.10/site-packages/follow_traj_re-0.0.0-py3.10.egg-info/requires.txt
/home/renth/mpc_ws/install/follow_traj_re/lib/python3.10/site-packages/follow_traj_re-0.0.0-py3.10.egg-info/zip-safe
/home/renth/mpc_ws/install/follow_traj_re/lib/python3.10/site-packages/follow_traj_re-0.0.0-py3.10.egg-info/entry_points.txt
/home/renth/mpc_ws/install/follow_traj_re/lib/python3.10/site-packages/follow_traj_re-0.0.0-py3.10.egg-info/PKG-INFO
/home/renth/mpc_ws/install/follow_traj_re/lib/python3.10/site-packages/follow_traj_re-0.0.0-py3.10.egg-info/SOURCES.txt
/home/renth/mpc_ws/install/follow_traj_re/lib/python3.10/site-packages/follow_traj_re-0.0.0-py3.10.egg-info/dependency_links.txt
/home/renth/mpc_ws/install/follow_traj_re/lib/python3.10/site-packages/follow_traj_re-0.0.0-py3.10.egg-info/top_level.txt
/home/renth/mpc_ws/install/follow_traj_re/lib/follow_traj_re/can_node
/home/renth/mpc_ws/install/follow_traj_re/lib/follow_traj_re/follow_node
