[0.066s] DEBUG:colcon:Command line arguments: ['/home/renth/anaconda3/envs/demo1/lib/python3.10/site-packages/colcon/__main__.py', 'build']
[0.066s] DEBUG:colcon:Parsed command line arguments: Namespace(log_base=None, log_level=None, verb_name='build', build_base='build', install_base='install', merge_install=False, symlink_install=False, test_result_base=None, continue_on_error=False, executor='parallel', parallel_workers=24, event_handlers=None, ignore_user_meta=False, metas=['./colcon.meta'], base_paths=['.'], packages_ignore=None, packages_ignore_regex=None, paths=None, packages_up_to=None, packages_up_to_regex=None, packages_above=None, packages_above_and_dependencies=None, packages_above_depth=None, packages_select_by_dep=None, packages_skip_by_dep=None, packages_skip_up_to=None, packages_select_build_failed=False, packages_skip_build_finished=False, packages_select_test_failures=False, packages_skip_test_passed=False, packages_select=None, packages_skip=None, packages_select_regex=None, packages_skip_regex=None, packages_start=None, packages_end=None, cmake_args=None, cmake_target=None, cmake_target_skip_unavailable=False, cmake_clean_cache=False, cmake_clean_first=False, cmake_force_configure=False, ament_cmake_args=None, catkin_cmake_args=None, catkin_skip_building_tests=False, verb_parser=<colcon_defaults.argument_parser.defaults.DefaultArgumentsDecorator object at 0x7dea41c35ea0>, verb_extension=<colcon_core.verb.build.BuildVerb object at 0x7dea41c358d0>, main=<bound method BuildVerb.main of <colcon_core.verb.build.BuildVerb object at 0x7dea41c358d0>>)
[0.083s] Level 1:colcon.colcon_core.package_discovery:discover_packages(colcon_meta) check parameters
[0.083s] Level 1:colcon.colcon_core.package_discovery:discover_packages(recursive) check parameters
[0.083s] Level 1:colcon.colcon_core.package_discovery:discover_packages(ignore) check parameters
[0.083s] Level 1:colcon.colcon_core.package_discovery:discover_packages(path) check parameters
[0.083s] Level 1:colcon.colcon_core.package_discovery:discover_packages(colcon_meta) discover
[0.083s] Level 1:colcon.colcon_core.package_discovery:discover_packages(recursive) discover
[0.083s] INFO:colcon.colcon_core.package_discovery:Crawling recursively for packages in '/home/renth/mpc_ws'
[0.083s] Level 1:colcon.colcon_core.package_identification:_identify(.) by extensions ['ignore', 'ignore_ament_install']
[0.083s] Level 1:colcon.colcon_core.package_identification:_identify(.) by extension 'ignore'
[0.083s] Level 1:colcon.colcon_core.package_identification:_identify(.) by extension 'ignore_ament_install'
[0.083s] Level 1:colcon.colcon_core.package_identification:_identify(.) by extensions ['colcon_pkg']
[0.083s] Level 1:colcon.colcon_core.package_identification:_identify(.) by extension 'colcon_pkg'
[0.083s] Level 1:colcon.colcon_core.package_identification:_identify(.) by extensions ['colcon_meta']
[0.083s] Level 1:colcon.colcon_core.package_identification:_identify(.) by extension 'colcon_meta'
[0.083s] Level 1:colcon.colcon_core.package_identification:_identify(.) by extensions ['ros']
[0.083s] Level 1:colcon.colcon_core.package_identification:_identify(.) by extension 'ros'
[0.095s] Level 1:colcon.colcon_core.package_identification:_identify(.) by extensions ['cmake', 'python']
[0.095s] Level 1:colcon.colcon_core.package_identification:_identify(.) by extension 'cmake'
[0.095s] Level 1:colcon.colcon_core.package_identification:_identify(.) by extension 'python'
[0.095s] Level 1:colcon.colcon_core.package_identification:_identify(.) by extensions ['python_setup_py']
[0.095s] Level 1:colcon.colcon_core.package_identification:_identify(.) by extension 'python_setup_py'
[0.095s] Level 1:colcon.colcon_core.package_identification:_identify(build) by extensions ['ignore', 'ignore_ament_install']
[0.095s] Level 1:colcon.colcon_core.package_identification:_identify(build) by extension 'ignore'
[0.095s] Level 1:colcon.colcon_core.package_identification:_identify(build) ignored
[0.096s] Level 1:colcon.colcon_core.package_identification:_identify(install) by extensions ['ignore', 'ignore_ament_install']
[0.096s] Level 1:colcon.colcon_core.package_identification:_identify(install) by extension 'ignore'
[0.096s] Level 1:colcon.colcon_core.package_identification:_identify(install) ignored
[0.096s] Level 1:colcon.colcon_core.package_identification:_identify(log) by extensions ['ignore', 'ignore_ament_install']
[0.096s] Level 1:colcon.colcon_core.package_identification:_identify(log) by extension 'ignore'
[0.096s] Level 1:colcon.colcon_core.package_identification:_identify(log) ignored
[0.096s] Level 1:colcon.colcon_core.package_identification:_identify(src) by extensions ['ignore', 'ignore_ament_install']
[0.096s] Level 1:colcon.colcon_core.package_identification:_identify(src) by extension 'ignore'
[0.096s] Level 1:colcon.colcon_core.package_identification:_identify(src) by extension 'ignore_ament_install'
[0.096s] Level 1:colcon.colcon_core.package_identification:_identify(src) by extensions ['colcon_pkg']
[0.096s] Level 1:colcon.colcon_core.package_identification:_identify(src) by extension 'colcon_pkg'
[0.096s] Level 1:colcon.colcon_core.package_identification:_identify(src) by extensions ['colcon_meta']
[0.096s] Level 1:colcon.colcon_core.package_identification:_identify(src) by extension 'colcon_meta'
[0.096s] Level 1:colcon.colcon_core.package_identification:_identify(src) by extensions ['ros']
[0.096s] Level 1:colcon.colcon_core.package_identification:_identify(src) by extension 'ros'
[0.096s] Level 1:colcon.colcon_core.package_identification:_identify(src) by extensions ['cmake', 'python']
[0.096s] Level 1:colcon.colcon_core.package_identification:_identify(src) by extension 'cmake'
[0.096s] Level 1:colcon.colcon_core.package_identification:_identify(src) by extension 'python'
[0.096s] Level 1:colcon.colcon_core.package_identification:_identify(src) by extensions ['python_setup_py']
[0.096s] Level 1:colcon.colcon_core.package_identification:_identify(src) by extension 'python_setup_py'
[0.096s] Level 1:colcon.colcon_core.package_identification:_identify(src/demo1) by extensions ['ignore', 'ignore_ament_install']
[0.096s] Level 1:colcon.colcon_core.package_identification:_identify(src/demo1) by extension 'ignore'
[0.096s] Level 1:colcon.colcon_core.package_identification:_identify(src/demo1) by extension 'ignore_ament_install'
[0.096s] Level 1:colcon.colcon_core.package_identification:_identify(src/demo1) by extensions ['colcon_pkg']
[0.096s] Level 1:colcon.colcon_core.package_identification:_identify(src/demo1) by extension 'colcon_pkg'
[0.096s] Level 1:colcon.colcon_core.package_identification:_identify(src/demo1) by extensions ['colcon_meta']
[0.096s] Level 1:colcon.colcon_core.package_identification:_identify(src/demo1) by extension 'colcon_meta'
[0.096s] Level 1:colcon.colcon_core.package_identification:_identify(src/demo1) by extensions ['ros']
[0.096s] Level 1:colcon.colcon_core.package_identification:_identify(src/demo1) by extension 'ros'
[0.096s] Level 1:colcon.colcon_core.package_identification:_identify(src/demo1) by extensions ['cmake', 'python']
[0.096s] Level 1:colcon.colcon_core.package_identification:_identify(src/demo1) by extension 'cmake'
[0.096s] Level 1:colcon.colcon_core.package_identification:_identify(src/demo1) by extension 'python'
[0.096s] Level 1:colcon.colcon_core.package_identification:_identify(src/demo1) by extensions ['python_setup_py']
[0.096s] Level 1:colcon.colcon_core.package_identification:_identify(src/demo1) by extension 'python_setup_py'
[0.096s] Level 1:colcon.colcon_core.package_identification:_identify(src/demo1/follow_traj) by extensions ['ignore', 'ignore_ament_install']
[0.096s] Level 1:colcon.colcon_core.package_identification:_identify(src/demo1/follow_traj) by extension 'ignore'
[0.096s] Level 1:colcon.colcon_core.package_identification:_identify(src/demo1/follow_traj) by extension 'ignore_ament_install'
[0.096s] Level 1:colcon.colcon_core.package_identification:_identify(src/demo1/follow_traj) by extensions ['colcon_pkg']
[0.096s] Level 1:colcon.colcon_core.package_identification:_identify(src/demo1/follow_traj) by extension 'colcon_pkg'
[0.096s] Level 1:colcon.colcon_core.package_identification:_identify(src/demo1/follow_traj) by extensions ['colcon_meta']
[0.096s] Level 1:colcon.colcon_core.package_identification:_identify(src/demo1/follow_traj) by extension 'colcon_meta'
[0.096s] Level 1:colcon.colcon_core.package_identification:_identify(src/demo1/follow_traj) by extensions ['ros']
[0.096s] Level 1:colcon.colcon_core.package_identification:_identify(src/demo1/follow_traj) by extension 'ros'
[0.097s] DEBUG:colcon.colcon_core.package_identification:Package 'src/demo1/follow_traj' with type 'ros.ament_python' and name 'follow_traj'
[0.097s] Level 1:colcon.colcon_core.package_discovery:discover_packages(recursive) using defaults
[0.097s] Level 1:colcon.colcon_core.package_discovery:discover_packages(ignore) discover
[0.097s] Level 1:colcon.colcon_core.package_discovery:discover_packages(ignore) using defaults
[0.097s] Level 1:colcon.colcon_core.package_discovery:discover_packages(path) discover
[0.097s] Level 1:colcon.colcon_core.package_discovery:discover_packages(path) using defaults
[0.107s] Level 5:colcon.colcon_core.verb:set package 'follow_traj' build argument 'cmake_args' from command line to 'None'
[0.107s] Level 5:colcon.colcon_core.verb:set package 'follow_traj' build argument 'cmake_target' from command line to 'None'
[0.107s] Level 5:colcon.colcon_core.verb:set package 'follow_traj' build argument 'cmake_target_skip_unavailable' from command line to 'False'
[0.107s] Level 5:colcon.colcon_core.verb:set package 'follow_traj' build argument 'cmake_clean_cache' from command line to 'False'
[0.107s] Level 5:colcon.colcon_core.verb:set package 'follow_traj' build argument 'cmake_clean_first' from command line to 'False'
[0.107s] Level 5:colcon.colcon_core.verb:set package 'follow_traj' build argument 'cmake_force_configure' from command line to 'False'
[0.107s] Level 5:colcon.colcon_core.verb:set package 'follow_traj' build argument 'ament_cmake_args' from command line to 'None'
[0.107s] Level 5:colcon.colcon_core.verb:set package 'follow_traj' build argument 'catkin_cmake_args' from command line to 'None'
[0.107s] Level 5:colcon.colcon_core.verb:set package 'follow_traj' build argument 'catkin_skip_building_tests' from command line to 'False'
[0.107s] DEBUG:colcon.colcon_core.verb:Building package 'follow_traj' with the following arguments: {'ament_cmake_args': None, 'build_base': '/home/renth/mpc_ws/build/follow_traj', 'catkin_cmake_args': None, 'catkin_skip_building_tests': False, 'cmake_args': None, 'cmake_clean_cache': False, 'cmake_clean_first': False, 'cmake_force_configure': False, 'cmake_target': None, 'cmake_target_skip_unavailable': False, 'install_base': '/home/renth/mpc_ws/install/follow_traj', 'merge_install': False, 'path': '/home/renth/mpc_ws/src/demo1/follow_traj', 'symlink_install': False, 'test_result_base': None}
[0.107s] INFO:colcon.colcon_core.executor:Executing jobs using 'parallel' executor
[0.107s] DEBUG:colcon.colcon_parallel_executor.executor.parallel:run_until_complete
[0.107s] INFO:colcon.colcon_ros.task.ament_python.build:Building ROS package in '/home/renth/mpc_ws/src/demo1/follow_traj' with build type 'ament_python'
[0.108s] Level 1:colcon.colcon_core.shell:create_environment_hook('follow_traj', 'ament_prefix_path')
[0.109s] INFO:colcon.colcon_core.plugin_system:Skipping extension 'colcon_core.shell.bat': Not used on non-Windows systems
[0.109s] INFO:colcon.colcon_core.shell:Creating environment hook '/home/renth/mpc_ws/install/follow_traj/share/follow_traj/hook/ament_prefix_path.ps1'
[0.109s] INFO:colcon.colcon_core.shell:Creating environment descriptor '/home/renth/mpc_ws/install/follow_traj/share/follow_traj/hook/ament_prefix_path.dsv'
[0.109s] INFO:colcon.colcon_core.shell:Creating environment hook '/home/renth/mpc_ws/install/follow_traj/share/follow_traj/hook/ament_prefix_path.sh'
[0.110s] INFO:colcon.colcon_core.shell:Skip shell extension 'powershell' for command environment: Not usable outside of PowerShell
[0.110s] DEBUG:colcon.colcon_core.shell:Skip shell extension 'dsv' for command environment
[0.208s] INFO:colcon.colcon_core.task.python.build:Building Python package in '/home/renth/mpc_ws/src/demo1/follow_traj'
[0.208s] INFO:colcon.colcon_core.shell:Skip shell extension 'powershell' for command environment: Not usable outside of PowerShell
[0.208s] DEBUG:colcon.colcon_core.shell:Skip shell extension 'dsv' for command environment
[0.432s] DEBUG:colcon.colcon_core.event_handler.log_command:Invoking command in '/home/renth/mpc_ws/src/demo1/follow_traj': CONDA_PROMPT_MODIFIER=(demo1) PYTHONPATH=/home/renth/mpc_ws/build/follow_traj/prefix_override:/home/renth/anaconda3/envs/demo1/lib/python3.10/site-packages/colcon_core/task/python/colcon_distutils_commands:/home/renth/mpc_ws/install/follow_traj/lib/python3.10/site-packages:${PYTHONPATH} /home/renth/anaconda3/envs/demo1/bin/python -W ignore:setup.py install is deprecated -W ignore:easy_install command is deprecated setup.py egg_info --egg-base ../../../build/follow_traj build --build-base /home/renth/mpc_ws/build/follow_traj/build install --record /home/renth/mpc_ws/build/follow_traj/install.log --single-version-externally-managed install_data
[0.629s] DEBUG:colcon.colcon_core.event_handler.log_command:Invoked command in '/home/renth/mpc_ws/src/demo1/follow_traj' returned '0': CONDA_PROMPT_MODIFIER=(demo1) PYTHONPATH=/home/renth/mpc_ws/build/follow_traj/prefix_override:/home/renth/anaconda3/envs/demo1/lib/python3.10/site-packages/colcon_core/task/python/colcon_distutils_commands:/home/renth/mpc_ws/install/follow_traj/lib/python3.10/site-packages:${PYTHONPATH} /home/renth/anaconda3/envs/demo1/bin/python -W ignore:setup.py install is deprecated -W ignore:easy_install command is deprecated setup.py egg_info --egg-base ../../../build/follow_traj build --build-base /home/renth/mpc_ws/build/follow_traj/build install --record /home/renth/mpc_ws/build/follow_traj/install.log --single-version-externally-managed install_data
[0.631s] Level 1:colcon.colcon_core.environment:checking '/home/renth/mpc_ws/install/follow_traj' for CMake module files
[0.631s] Level 1:colcon.colcon_core.environment:checking '/home/renth/mpc_ws/install/follow_traj' for CMake config files
[0.631s] Level 1:colcon.colcon_core.environment:checking '/home/renth/mpc_ws/install/follow_traj/lib'
[0.631s] Level 1:colcon.colcon_core.environment:checking '/home/renth/mpc_ws/install/follow_traj/bin'
[0.631s] Level 1:colcon.colcon_core.shell:create_environment_hook('follow_traj', 'path')
[0.631s] INFO:colcon.colcon_core.shell:Creating environment hook '/home/renth/mpc_ws/install/follow_traj/share/follow_traj/hook/path.ps1'
[0.632s] INFO:colcon.colcon_core.shell:Creating environment descriptor '/home/renth/mpc_ws/install/follow_traj/share/follow_traj/hook/path.dsv'
[0.632s] INFO:colcon.colcon_core.shell:Creating environment hook '/home/renth/mpc_ws/install/follow_traj/share/follow_traj/hook/path.sh'
[0.632s] Level 1:colcon.colcon_core.environment:checking '/home/renth/mpc_ws/install/follow_traj/lib/pkgconfig/follow_traj.pc'
[0.632s] Level 1:colcon.colcon_core.environment:checking '/home/renth/mpc_ws/install/follow_traj/lib/python3.10/site-packages'
[0.632s] Level 1:colcon.colcon_core.shell:create_environment_hook('follow_traj', 'pythonpath')
[0.632s] INFO:colcon.colcon_core.shell:Creating environment hook '/home/renth/mpc_ws/install/follow_traj/share/follow_traj/hook/pythonpath.ps1'
[0.632s] INFO:colcon.colcon_core.shell:Creating environment descriptor '/home/renth/mpc_ws/install/follow_traj/share/follow_traj/hook/pythonpath.dsv'
[0.632s] INFO:colcon.colcon_core.shell:Creating environment hook '/home/renth/mpc_ws/install/follow_traj/share/follow_traj/hook/pythonpath.sh'
[0.633s] Level 1:colcon.colcon_core.environment:checking '/home/renth/mpc_ws/install/follow_traj/bin'
[0.633s] Level 1:colcon.colcon_core.shell:create_environment_hook('follow_traj', 'pythonscriptspath')
[0.633s] INFO:colcon.colcon_core.shell:Creating environment hook '/home/renth/mpc_ws/install/follow_traj/share/follow_traj/hook/pythonscriptspath.ps1'
[0.633s] INFO:colcon.colcon_core.shell:Creating environment descriptor '/home/renth/mpc_ws/install/follow_traj/share/follow_traj/hook/pythonscriptspath.dsv'
[0.633s] INFO:colcon.colcon_core.shell:Creating environment hook '/home/renth/mpc_ws/install/follow_traj/share/follow_traj/hook/pythonscriptspath.sh'
[0.633s] Level 1:colcon.colcon_core.environment:create_environment_scripts_only(follow_traj)
[0.633s] INFO:colcon.colcon_core.shell:Creating package script '/home/renth/mpc_ws/install/follow_traj/share/follow_traj/package.ps1'
[0.634s] INFO:colcon.colcon_core.shell:Creating package descriptor '/home/renth/mpc_ws/install/follow_traj/share/follow_traj/package.dsv'
[0.634s] INFO:colcon.colcon_core.shell:Creating package script '/home/renth/mpc_ws/install/follow_traj/share/follow_traj/package.sh'
[0.634s] INFO:colcon.colcon_core.shell:Creating package script '/home/renth/mpc_ws/install/follow_traj/share/follow_traj/package.bash'
[0.634s] INFO:colcon.colcon_core.shell:Creating package script '/home/renth/mpc_ws/install/follow_traj/share/follow_traj/package.zsh'
[0.635s] Level 1:colcon.colcon_core.environment:create_file_with_runtime_dependencies(/home/renth/mpc_ws/install/follow_traj/share/colcon-core/packages/follow_traj)
[0.635s] DEBUG:colcon.colcon_parallel_executor.executor.parallel:closing loop
[0.635s] DEBUG:colcon.colcon_parallel_executor.executor.parallel:loop closed
[0.635s] DEBUG:colcon.colcon_parallel_executor.executor.parallel:run_until_complete finished with '0'
[0.635s] DEBUG:colcon.colcon_core.event_reactor:joining thread
[0.636s] INFO:colcon.colcon_core.plugin_system:Skipping extension 'colcon_notification.desktop_notification.notify2': 'notify2' not found
[0.636s] INFO:colcon.colcon_core.plugin_system:Skipping extension 'colcon_notification.desktop_notification.terminal_notifier': Not used on non-Darwin systems
[0.636s] INFO:colcon.colcon_core.plugin_system:Skipping extension 'colcon_notification.desktop_notification.win32': Not used on non-Windows systems
[0.636s] INFO:colcon.colcon_notification.desktop_notification:Sending desktop notification using 'notify_send'
[0.645s] DEBUG:colcon.colcon_core.event_reactor:joined thread
[0.645s] INFO:colcon.colcon_core.shell:Creating prefix script '/home/renth/mpc_ws/install/local_setup.ps1'
[0.646s] INFO:colcon.colcon_core.shell:Creating prefix util module '/home/renth/mpc_ws/install/_local_setup_util_ps1.py'
[0.647s] INFO:colcon.colcon_core.shell:Creating prefix chain script '/home/renth/mpc_ws/install/setup.ps1'
[0.647s] INFO:colcon.colcon_core.shell:Creating prefix script '/home/renth/mpc_ws/install/local_setup.sh'
[0.648s] INFO:colcon.colcon_core.shell:Creating prefix util module '/home/renth/mpc_ws/install/_local_setup_util_sh.py'
[0.648s] INFO:colcon.colcon_core.shell:Creating prefix chain script '/home/renth/mpc_ws/install/setup.sh'
[0.648s] INFO:colcon.colcon_core.shell:Creating prefix script '/home/renth/mpc_ws/install/local_setup.bash'
[0.649s] INFO:colcon.colcon_core.shell:Creating prefix chain script '/home/renth/mpc_ws/install/setup.bash'
[0.649s] INFO:colcon.colcon_core.shell:Creating prefix script '/home/renth/mpc_ws/install/local_setup.zsh'
[0.649s] INFO:colcon.colcon_core.shell:Creating prefix chain script '/home/renth/mpc_ws/install/setup.zsh'
