running egg_info
creating build/follow_traj_wd/follow_traj_wd.egg-info
writing build/follow_traj_wd/follow_traj_wd.egg-info/PKG-INFO
writing dependency_links to build/follow_traj_wd/follow_traj_wd.egg-info/dependency_links.txt
writing entry points to build/follow_traj_wd/follow_traj_wd.egg-info/entry_points.txt
writing requirements to build/follow_traj_wd/follow_traj_wd.egg-info/requires.txt
writing top-level names to build/follow_traj_wd/follow_traj_wd.egg-info/top_level.txt
writing manifest file 'build/follow_traj_wd/follow_traj_wd.egg-info/SOURCES.txt'
reading manifest file 'build/follow_traj_wd/follow_traj_wd.egg-info/SOURCES.txt'
writing manifest file 'build/follow_traj_wd/follow_traj_wd.egg-info/SOURCES.txt'
running build
running build_py
creating /home/renth/hezi_ros2/src/demo1/follow_traj_wd/build/follow_traj_wd/build
creating /home/renth/hezi_ros2/src/demo1/follow_traj_wd/build/follow_traj_wd/build/lib
creating /home/renth/hezi_ros2/src/demo1/follow_traj_wd/build/follow_traj_wd/build/lib/follow_traj_wd
copying follow_traj_wd/can_node_hybrid.py -> /home/renth/hezi_ros2/src/demo1/follow_traj_wd/build/follow_traj_wd/build/lib/follow_traj_wd
copying follow_traj_wd/read_csv.py -> /home/renth/hezi_ros2/src/demo1/follow_traj_wd/build/follow_traj_wd/build/lib/follow_traj_wd
copying follow_traj_wd/can_use.py -> /home/renth/hezi_ros2/src/demo1/follow_traj_wd/build/follow_traj_wd/build/lib/follow_traj_wd
copying follow_traj_wd/utils.py -> /home/renth/hezi_ros2/src/demo1/follow_traj_wd/build/follow_traj_wd/build/lib/follow_traj_wd
copying follow_traj_wd/publish_trajectory_node.py -> /home/renth/hezi_ros2/src/demo1/follow_traj_wd/build/follow_traj_wd/build/lib/follow_traj_wd
copying follow_traj_wd/visualization_node.py -> /home/renth/hezi_ros2/src/demo1/follow_traj_wd/build/follow_traj_wd/build/lib/follow_traj_wd
copying follow_traj_wd/hybrid_follow_node.py -> /home/renth/hezi_ros2/src/demo1/follow_traj_wd/build/follow_traj_wd/build/lib/follow_traj_wd
copying follow_traj_wd/switch_trajectory.py -> /home/renth/hezi_ros2/src/demo1/follow_traj_wd/build/follow_traj_wd/build/lib/follow_traj_wd
copying follow_traj_wd/lane_change_vx.py -> /home/renth/hezi_ros2/src/demo1/follow_traj_wd/build/follow_traj_wd/build/lib/follow_traj_wd
copying follow_traj_wd/follow_node.py -> /home/renth/hezi_ros2/src/demo1/follow_traj_wd/build/follow_traj_wd/build/lib/follow_traj_wd
copying follow_traj_wd/follow_demo_2025.py -> /home/renth/hezi_ros2/src/demo1/follow_traj_wd/build/follow_traj_wd/build/lib/follow_traj_wd
copying follow_traj_wd/mpc_node_v2.py -> /home/renth/hezi_ros2/src/demo1/follow_traj_wd/build/follow_traj_wd/build/lib/follow_traj_wd
copying follow_traj_wd/follow_demo_mpc_bank.py -> /home/renth/hezi_ros2/src/demo1/follow_traj_wd/build/follow_traj_wd/build/lib/follow_traj_wd
copying follow_traj_wd/can_node.py -> /home/renth/hezi_ros2/src/demo1/follow_traj_wd/build/follow_traj_wd/build/lib/follow_traj_wd
copying follow_traj_wd/lane_change.py -> /home/renth/hezi_ros2/src/demo1/follow_traj_wd/build/follow_traj_wd/build/lib/follow_traj_wd
copying follow_traj_wd/__init__.py -> /home/renth/hezi_ros2/src/demo1/follow_traj_wd/build/follow_traj_wd/build/lib/follow_traj_wd
copying follow_traj_wd/adjust_trajectory_node.py -> /home/renth/hezi_ros2/src/demo1/follow_traj_wd/build/follow_traj_wd/build/lib/follow_traj_wd
running install
running install_lib
creating /home/renth/hezi_ros2/src/demo1/follow_traj_wd/install/follow_traj_wd/lib/python3.10/site-packages/follow_traj_wd
copying /home/renth/hezi_ros2/src/demo1/follow_traj_wd/build/follow_traj_wd/build/lib/follow_traj_wd/can_node_hybrid.py -> /home/renth/hezi_ros2/src/demo1/follow_traj_wd/install/follow_traj_wd/lib/python3.10/site-packages/follow_traj_wd
copying /home/renth/hezi_ros2/src/demo1/follow_traj_wd/build/follow_traj_wd/build/lib/follow_traj_wd/read_csv.py -> /home/renth/hezi_ros2/src/demo1/follow_traj_wd/install/follow_traj_wd/lib/python3.10/site-packages/follow_traj_wd
copying /home/renth/hezi_ros2/src/demo1/follow_traj_wd/build/follow_traj_wd/build/lib/follow_traj_wd/can_use.py -> /home/renth/hezi_ros2/src/demo1/follow_traj_wd/install/follow_traj_wd/lib/python3.10/site-packages/follow_traj_wd
copying /home/renth/hezi_ros2/src/demo1/follow_traj_wd/build/follow_traj_wd/build/lib/follow_traj_wd/utils.py -> /home/renth/hezi_ros2/src/demo1/follow_traj_wd/install/follow_traj_wd/lib/python3.10/site-packages/follow_traj_wd
copying /home/renth/hezi_ros2/src/demo1/follow_traj_wd/build/follow_traj_wd/build/lib/follow_traj_wd/publish_trajectory_node.py -> /home/renth/hezi_ros2/src/demo1/follow_traj_wd/install/follow_traj_wd/lib/python3.10/site-packages/follow_traj_wd
copying /home/renth/hezi_ros2/src/demo1/follow_traj_wd/build/follow_traj_wd/build/lib/follow_traj_wd/visualization_node.py -> /home/renth/hezi_ros2/src/demo1/follow_traj_wd/install/follow_traj_wd/lib/python3.10/site-packages/follow_traj_wd
copying /home/renth/hezi_ros2/src/demo1/follow_traj_wd/build/follow_traj_wd/build/lib/follow_traj_wd/hybrid_follow_node.py -> /home/renth/hezi_ros2/src/demo1/follow_traj_wd/install/follow_traj_wd/lib/python3.10/site-packages/follow_traj_wd
copying /home/renth/hezi_ros2/src/demo1/follow_traj_wd/build/follow_traj_wd/build/lib/follow_traj_wd/switch_trajectory.py -> /home/renth/hezi_ros2/src/demo1/follow_traj_wd/install/follow_traj_wd/lib/python3.10/site-packages/follow_traj_wd
copying /home/renth/hezi_ros2/src/demo1/follow_traj_wd/build/follow_traj_wd/build/lib/follow_traj_wd/lane_change_vx.py -> /home/renth/hezi_ros2/src/demo1/follow_traj_wd/install/follow_traj_wd/lib/python3.10/site-packages/follow_traj_wd
copying /home/renth/hezi_ros2/src/demo1/follow_traj_wd/build/follow_traj_wd/build/lib/follow_traj_wd/follow_node.py -> /home/renth/hezi_ros2/src/demo1/follow_traj_wd/install/follow_traj_wd/lib/python3.10/site-packages/follow_traj_wd
copying /home/renth/hezi_ros2/src/demo1/follow_traj_wd/build/follow_traj_wd/build/lib/follow_traj_wd/follow_demo_2025.py -> /home/renth/hezi_ros2/src/demo1/follow_traj_wd/install/follow_traj_wd/lib/python3.10/site-packages/follow_traj_wd
copying /home/renth/hezi_ros2/src/demo1/follow_traj_wd/build/follow_traj_wd/build/lib/follow_traj_wd/mpc_node_v2.py -> /home/renth/hezi_ros2/src/demo1/follow_traj_wd/install/follow_traj_wd/lib/python3.10/site-packages/follow_traj_wd
copying /home/renth/hezi_ros2/src/demo1/follow_traj_wd/build/follow_traj_wd/build/lib/follow_traj_wd/follow_demo_mpc_bank.py -> /home/renth/hezi_ros2/src/demo1/follow_traj_wd/install/follow_traj_wd/lib/python3.10/site-packages/follow_traj_wd
copying /home/renth/hezi_ros2/src/demo1/follow_traj_wd/build/follow_traj_wd/build/lib/follow_traj_wd/can_node.py -> /home/renth/hezi_ros2/src/demo1/follow_traj_wd/install/follow_traj_wd/lib/python3.10/site-packages/follow_traj_wd
copying /home/renth/hezi_ros2/src/demo1/follow_traj_wd/build/follow_traj_wd/build/lib/follow_traj_wd/lane_change.py -> /home/renth/hezi_ros2/src/demo1/follow_traj_wd/install/follow_traj_wd/lib/python3.10/site-packages/follow_traj_wd
copying /home/renth/hezi_ros2/src/demo1/follow_traj_wd/build/follow_traj_wd/build/lib/follow_traj_wd/__init__.py -> /home/renth/hezi_ros2/src/demo1/follow_traj_wd/install/follow_traj_wd/lib/python3.10/site-packages/follow_traj_wd
copying /home/renth/hezi_ros2/src/demo1/follow_traj_wd/build/follow_traj_wd/build/lib/follow_traj_wd/adjust_trajectory_node.py -> /home/renth/hezi_ros2/src/demo1/follow_traj_wd/install/follow_traj_wd/lib/python3.10/site-packages/follow_traj_wd
byte-compiling /home/renth/hezi_ros2/src/demo1/follow_traj_wd/install/follow_traj_wd/lib/python3.10/site-packages/follow_traj_wd/can_node_hybrid.py to can_node_hybrid.cpython-310.pyc
byte-compiling /home/renth/hezi_ros2/src/demo1/follow_traj_wd/install/follow_traj_wd/lib/python3.10/site-packages/follow_traj_wd/read_csv.py to read_csv.cpython-310.pyc
byte-compiling /home/renth/hezi_ros2/src/demo1/follow_traj_wd/install/follow_traj_wd/lib/python3.10/site-packages/follow_traj_wd/can_use.py to can_use.cpython-310.pyc
byte-compiling /home/renth/hezi_ros2/src/demo1/follow_traj_wd/install/follow_traj_wd/lib/python3.10/site-packages/follow_traj_wd/utils.py to utils.cpython-310.pyc
byte-compiling /home/renth/hezi_ros2/src/demo1/follow_traj_wd/install/follow_traj_wd/lib/python3.10/site-packages/follow_traj_wd/publish_trajectory_node.py to publish_trajectory_node.cpython-310.pyc
byte-compiling /home/renth/hezi_ros2/src/demo1/follow_traj_wd/install/follow_traj_wd/lib/python3.10/site-packages/follow_traj_wd/visualization_node.py to visualization_node.cpython-310.pyc
byte-compiling /home/renth/hezi_ros2/src/demo1/follow_traj_wd/install/follow_traj_wd/lib/python3.10/site-packages/follow_traj_wd/hybrid_follow_node.py to hybrid_follow_node.cpython-310.pyc
byte-compiling /home/renth/hezi_ros2/src/demo1/follow_traj_wd/install/follow_traj_wd/lib/python3.10/site-packages/follow_traj_wd/switch_trajectory.py to switch_trajectory.cpython-310.pyc
byte-compiling /home/renth/hezi_ros2/src/demo1/follow_traj_wd/install/follow_traj_wd/lib/python3.10/site-packages/follow_traj_wd/lane_change_vx.py to lane_change_vx.cpython-310.pyc
byte-compiling /home/renth/hezi_ros2/src/demo1/follow_traj_wd/install/follow_traj_wd/lib/python3.10/site-packages/follow_traj_wd/follow_node.py to follow_node.cpython-310.pyc
byte-compiling /home/renth/hezi_ros2/src/demo1/follow_traj_wd/install/follow_traj_wd/lib/python3.10/site-packages/follow_traj_wd/follow_demo_2025.py to follow_demo_2025.cpython-310.pyc
byte-compiling /home/renth/hezi_ros2/src/demo1/follow_traj_wd/install/follow_traj_wd/lib/python3.10/site-packages/follow_traj_wd/mpc_node_v2.py to mpc_node_v2.cpython-310.pyc
byte-compiling /home/renth/hezi_ros2/src/demo1/follow_traj_wd/install/follow_traj_wd/lib/python3.10/site-packages/follow_traj_wd/follow_demo_mpc_bank.py to follow_demo_mpc_bank.cpython-310.pyc
byte-compiling /home/renth/hezi_ros2/src/demo1/follow_traj_wd/install/follow_traj_wd/lib/python3.10/site-packages/follow_traj_wd/can_node.py to can_node.cpython-310.pyc
byte-compiling /home/renth/hezi_ros2/src/demo1/follow_traj_wd/install/follow_traj_wd/lib/python3.10/site-packages/follow_traj_wd/lane_change.py to lane_change.cpython-310.pyc
byte-compiling /home/renth/hezi_ros2/src/demo1/follow_traj_wd/install/follow_traj_wd/lib/python3.10/site-packages/follow_traj_wd/__init__.py to __init__.cpython-310.pyc
byte-compiling /home/renth/hezi_ros2/src/demo1/follow_traj_wd/install/follow_traj_wd/lib/python3.10/site-packages/follow_traj_wd/adjust_trajectory_node.py to adjust_trajectory_node.cpython-310.pyc
running install_data
creating /home/renth/hezi_ros2/src/demo1/follow_traj_wd/install/follow_traj_wd/share/ament_index
creating /home/renth/hezi_ros2/src/demo1/follow_traj_wd/install/follow_traj_wd/share/ament_index/resource_index
creating /home/renth/hezi_ros2/src/demo1/follow_traj_wd/install/follow_traj_wd/share/ament_index/resource_index/packages
copying resource/follow_traj_wd -> /home/renth/hezi_ros2/src/demo1/follow_traj_wd/install/follow_traj_wd/share/ament_index/resource_index/packages
copying package.xml -> /home/renth/hezi_ros2/src/demo1/follow_traj_wd/install/follow_traj_wd/share/follow_traj_wd
running install_egg_info
Copying build/follow_traj_wd/follow_traj_wd.egg-info to /home/renth/hezi_ros2/src/demo1/follow_traj_wd/install/follow_traj_wd/lib/python3.10/site-packages/follow_traj_wd-0.0.0-py3.10.egg-info
running install_scripts
Installing adjust_trajectory script to /home/renth/hezi_ros2/src/demo1/follow_traj_wd/install/follow_traj_wd/lib/follow_traj_wd
Installing can_node script to /home/renth/hezi_ros2/src/demo1/follow_traj_wd/install/follow_traj_wd/lib/follow_traj_wd
Installing follow_node script to /home/renth/hezi_ros2/src/demo1/follow_traj_wd/install/follow_traj_wd/lib/follow_traj_wd
Installing hybrid_follow_node script to /home/renth/hezi_ros2/src/demo1/follow_traj_wd/install/follow_traj_wd/lib/follow_traj_wd
Installing mpc_follow_node script to /home/renth/hezi_ros2/src/demo1/follow_traj_wd/install/follow_traj_wd/lib/follow_traj_wd
Installing publish_trajectory script to /home/renth/hezi_ros2/src/demo1/follow_traj_wd/install/follow_traj_wd/lib/follow_traj_wd
Installing visualization_node script to /home/renth/hezi_ros2/src/demo1/follow_traj_wd/install/follow_traj_wd/lib/follow_traj_wd
writing list of installed files to '/home/renth/hezi_ros2/src/demo1/follow_traj_wd/build/follow_traj_wd/install.log'
